#
# A fatal error has been detected by the Java Runtime Environment:
#
#  SIGSEGV (0xb) at pc=0x0000000117c7261a, pid=765, tid=29443
#
# JRE version: OpenJDK Runtime Environment (11.0.8+10) (build 11.0.8+10-b944.6916264)
# Java VM: OpenJDK 64-Bit Server VM (11.0.8+10-b944.6916264, mixed mode, tiered, compressed oops, g1 gc, bsd-amd64)
# Problematic frame:
# j  org.objectweb.asm.Type.getArgumentTypes(Ljava/lang/String;)[Lorg/objectweb/asm/Type;+90
#
# No core dump will be written. Core dumps have been disabled. To enable core dumping, try "ulimit -c unlimited" before starting Java again
#
# If you would like to submit a bug report, please visit:
#   https://bugreport.java.com/bugreport/crash.jsp
#

---------------  S U M M A R Y ------------

Command Line: --add-opens=java.base/java.util=ALL-UNNAMED --add-opens=java.base/java.lang=ALL-UNNAMED --add-opens=java.base/java.lang.invoke=ALL-UNNAMED --add-opens=java.prefs/java.util.prefs=ALL-UNNAMED -Xmx2048m -Dfile.encoding=UTF-8 -Duser.country=KR -Duser.language=ko -Duser.variant org.gradle.launcher.daemon.bootstrap.GradleDaemon 6.7.1

Host: MacBookPro15,2 x86_64 2300 MHz, 8 cores, 8G, Darwin 20.3.0
Time: Tue Jun 22 03:57:17 2021 KST elapsed time: 3 seconds (0d 0h 0m 3s)

---------------  T H R E A D  ---------------

Current thread (0x00007fa90e81a800):  JavaThread "Daemon worker" [_thread_in_Java, id=29443, stack(0x0000700006cab000,0x0000700006dab000)]

Stack: [0x0000700006cab000,0x0000700006dab000],  sp=0x0000700006da6c80,  free space=1007k
Native frames: (J=compiled Java code, A=aot compiled Java code, j=interpreted, Vv=VM code, C=native code)
j  org.objectweb.asm.Type.getArgumentTypes(Ljava/lang/String;)[Lorg/objectweb/asm/Type;+90
j  org.objectweb.asm.Frame.setInputFrameFromDescriptor(Lorg/objectweb/asm/SymbolTable;ILjava/lang/String;I)V+69
j  org.objectweb.asm.MethodWriter.computeAllFrames()V+145
j  org.objectweb.asm.MethodWriter.visitMaxs(II)V+9
j  org.gradle.internal.instantiation.generator.AsmBackedClassGenerator$ClassBuilderImpl.generateModelObjectMethods()V+507
j  org.gradle.internal.instantiation.generator.AsmBackedClassGenerator$ClassBuilderImpl.startClass()V+235
j  org.gradle.internal.instantiation.generator.AsmBackedClassGenerator$ClassInspectionVisitorImpl.builder()Lorg/gradle/internal/instantiation/generator/AbstractClassGenerator$ClassGenerationVisitor;+227
j  org.gradle.internal.instantiation.generator.AbstractClassGenerator.generateUnderLock(Ljava/lang/Class;)Lorg/gradle/internal/instantiation/generator/AbstractClassGenerator$GeneratedClassImpl;+373
j  org.gradle.internal.instantiation.generator.AbstractClassGenerator.lambda$new$0(Ljava/lang/Class;)Lorg/gradle/internal/instantiation/generator/AbstractClassGenerator$GeneratedClassImpl;+2
j  org.gradle.internal.instantiation.generator.AbstractClassGenerator$$Lambda$84.transform(Ljava/lang/Object;)Ljava/lang/Object;+8
j  org.gradle.cache.internal.DefaultCrossBuildInMemoryCacheFactory$AbstractCrossBuildInMemoryCache.get(Ljava/lang/Object;Lorg/gradle/api/Transformer;)Ljava/lang/Object;+26
j  org.gradle.internal.instantiation.generator.AbstractClassGenerator.generate(Ljava/lang/Class;)Lorg/gradle/internal/instantiation/generator/ClassGenerator$GeneratedClass;+27
j  org.gradle.internal.instantiation.generator.AsmBackedClassGenerator.generate(Ljava/lang/Class;)Lorg/gradle/internal/instantiation/generator/ClassGenerator$GeneratedClass;+2
j  org.gradle.internal.instantiation.generator.ParamsMatchingConstructorSelector.forParams(Ljava/lang/Class;[Ljava/lang/Object;)Lorg/gradle/internal/instantiation/generator/ClassGenerator$GeneratedConstructor;+5
j  org.gradle.internal.instantiation.generator.DependencyInjectingInstantiator.doCreate(Ljava/lang/Class;Lorg/gradle/api/Describable;[Ljava/lang/Object;)Ljava/lang/Object;+6
j  org.gradle.internal.instantiation.generator.DependencyInjectingInstantiator.newInstance(Ljava/lang/Class;[Ljava/lang/Object;)Ljava/lang/Object;+4
j  org.gradle.plugin.internal.PluginUsePluginServiceRegistry$BuildScopeServices.createPluginResolutionStrategy(Lorg/gradle/internal/reflect/Instantiator;Lorg/gradle/internal/event/ListenerManager;)Lorg/gradle/plugin/management/internal/PluginResolutionStrategyInternal;+11
v  ~StubRoutines::call_stub
V  [libjvm.dylib+0x39947a]  JavaCalls::call_helper(JavaValue*, methodHandle const&, JavaCallArguments*, Thread*)+0x21a
V  [libjvm.dylib+0x64e661]  invoke(InstanceKlass*, methodHandle const&, Handle, bool, objArrayHandle, BasicType, objArrayHandle, bool, Thread*)+0x541
V  [libjvm.dylib+0x64e0d6]  Reflection::invoke_method(oopDesc*, Handle, objArrayHandle, Thread*)+0xf4
V  [libjvm.dylib+0x420759]  JVM_InvokeMethod+0x21e
j  jdk.internal.reflect.NativeMethodAccessorImpl.invoke0(Ljava/lang/reflect/Method;Ljava/lang/Object;[Ljava/lang/Object;)Ljava/lang/Object;+0 java.base@11.0.8
j  jdk.internal.reflect.NativeMethodAccessorImpl.invoke(Ljava/lang/Object;[Ljava/lang/Object;)Ljava/lang/Object;+100 java.base@11.0.8
j  jdk.internal.reflect.DelegatingMethodAccessorImpl.invoke(Ljava/lang/Object;[Ljava/lang/Object;)Ljava/lang/Object;+6 java.base@11.0.8
J 1714 c1 java.lang.reflect.Method.invoke(Ljava/lang/Object;[Ljava/lang/Object;)Ljava/lang/Object; java.base@11.0.8 (65 bytes) @ 0x000000011837c564 [0x000000011837c220+0x0000000000000344]
j  org.gradle.internal.reflect.JavaMethod.invoke(Ljava/lang/Object;[Ljava/lang/Object;)Ljava/lang/Object;+6
j  org.gradle.internal.service.ReflectionBasedServiceMethod.invoke(Ljava/lang/Object;[Ljava/lang/Object;)Ljava/lang/Object;+6
j  org.gradle.internal.service.DefaultServiceRegistry$FactoryMethodService.invokeMethod([Ljava/lang/Object;)Ljava/lang/Object;+9
j  org.gradle.internal.service.DefaultServiceRegistry$FactoryService.create()Ljava/lang/Object;+7
J 1653 c1 org.gradle.internal.service.DefaultServiceRegistry$ManagedObjectServiceProvider.getInstance()Ljava/lang/Object; (81 bytes) @ 0x0000000118250cdc [0x0000000118250a60+0x000000000000027c]
J 1652 c1 org.gradle.internal.service.DefaultServiceRegistry$SingletonService.get()Ljava/lang/Object; (5 bytes) @ 0x000000011824c334 [0x000000011824c2c0+0x0000000000000074]
j  org.gradle.internal.service.DefaultServiceRegistry$FactoryService.assembleParameters()[Ljava/lang/Object;+44
j  org.gradle.internal.service.DefaultServiceRegistry$FactoryService.create()Ljava/lang/Object;+1
J 1653 c1 org.gradle.internal.service.DefaultServiceRegistry$ManagedObjectServiceProvider.getInstance()Ljava/lang/Object; (81 bytes) @ 0x0000000118250cdc [0x0000000118250a60+0x000000000000027c]
J 1652 c1 org.gradle.internal.service.DefaultServiceRegistry$SingletonService.get()Ljava/lang/Object; (5 bytes) @ 0x000000011824c334 [0x000000011824c2c0+0x0000000000000074]
j  org.gradle.internal.service.DefaultServiceRegistry.find(Ljava/lang/reflect/Type;)Ljava/lang/Object;+22
j  org.gradle.internal.service.DefaultServiceRegistry.get(Ljava/lang/reflect/Type;)Ljava/lang/Object;+2
j  org.gradle.internal.service.DefaultServiceRegistry.get(Ljava/lang/Class;)Ljava/lang/Object;+3
j  org.gradle.internal.service.scopes.BuildScopeServices.defaultScriptPluginFactory()Lorg/gradle/configuration/DefaultScriptPluginFactory;+32
j  org.gradle.internal.service.scopes.BuildScopeServices.createScriptPluginFactory(Lorg/gradle/internal/instantiation/InstantiatorFactory;Lorg/gradle/internal/operations/BuildOperationExecutor;Lorg/gradle/configuration/internal/UserCodeApplicationContext;)Lorg/gradle/configuration/ScriptPluginFactory;+1
v  ~StubRoutines::call_stub
V  [libjvm.dylib+0x39947a]  JavaCalls::call_helper(JavaValue*, methodHandle const&, JavaCallArguments*, Thread*)+0x21a
V  [libjvm.dylib+0x64e661]  invoke(InstanceKlass*, methodHandle const&, Handle, bool, objArrayHandle, BasicType, objArrayHandle, bool, Thread*)+0x541
V  [libjvm.dylib+0x64e0d6]  Reflection::invoke_method(oopDesc*, Handle, objArrayHandle, Thread*)+0xf4
V  [libjvm.dylib+0x420759]  JVM_InvokeMethod+0x21e
j  jdk.internal.reflect.NativeMethodAccessorImpl.invoke0(Ljava/lang/reflect/Method;Ljava/lang/Object;[Ljava/lang/Object;)Ljava/lang/Object;+0 java.base@11.0.8
j  jdk.internal.reflect.NativeMethodAccessorImpl.invoke(Ljava/lang/Object;[Ljava/lang/Object;)Ljava/lang/Object;+100 java.base@11.0.8
j  jdk.internal.reflect.DelegatingMethodAccessorImpl.invoke(Ljava/lang/Object;[Ljava/lang/Object;)Ljava/lang/Object;+6 java.base@11.0.8
J 1714 c1 java.lang.reflect.Method.invoke(Ljava/lang/Object;[Ljava/lang/Object;)Ljava/lang/Object; java.base@11.0.8 (65 bytes) @ 0x000000011837c564 [0x000000011837c220+0x0000000000000344]
j  org.gradle.internal.reflect.JavaMethod.invoke(Ljava/lang/Object;[Ljava/lang/Object;)Ljava/lang/Object;+6
j  org.gradle.internal.service.ReflectionBasedServiceMethod.invoke(Ljava/lang/Object;[Ljava/lang/Object;)Ljava/lang/Object;+6
j  org.gradle.internal.service.DefaultServiceRegistry$FactoryMethodService.invokeMethod([Ljava/lang/Object;)Ljava/lang/Object;+9
j  org.gradle.internal.service.DefaultServiceRegistry$FactoryService.create()Ljava/lang/Object;+7
J 1653 c1 org.gradle.internal.service.DefaultServiceRegistry$ManagedObjectServiceProvider.getInstance()Ljava/lang/Object; (81 bytes) @ 0x0000000118250cdc [0x0000000118250a60+0x000000000000027c]
J 1652 c1 org.gradle.internal.service.DefaultServiceRegistry$SingletonService.get()Ljava/lang/Object; (5 bytes) @ 0x000000011824c334 [0x000000011824c2c0+0x0000000000000074]
j  org.gradle.internal.service.DefaultServiceRegistry$FactoryService.assembleParameters()[Ljava/lang/Object;+44
j  org.gradle.internal.service.DefaultServiceRegistry$FactoryService.create()Ljava/lang/Object;+1
J 1653 c1 org.gradle.internal.service.DefaultServiceRegistry$ManagedObjectServiceProvider.getInstance()Ljava/lang/Object; (81 bytes) @ 0x0000000118250cdc [0x0000000118250a60+0x000000000000027c]
J 1652 c1 org.gradle.internal.service.DefaultServiceRegistry$SingletonService.get()Ljava/lang/Object; (5 bytes) @ 0x000000011824c334 [0x000000011824c2c0+0x0000000000000074]
j  org.gradle.internal.service.DefaultServiceRegistry$FactoryService.assembleParameters()[Ljava/lang/Object;+44
j  org.gradle.internal.service.DefaultServiceRegistry$FactoryService.create()Ljava/lang/Object;+1
J 1653 c1 org.gradle.internal.service.DefaultServiceRegistry$ManagedObjectServiceProvider.getInstance()Ljava/lang/Object; (81 bytes) @ 0x0000000118250cdc [0x0000000118250a60+0x000000000000027c]
J 1652 c1 org.gradle.internal.service.DefaultServiceRegistry$SingletonService.get()Ljava/lang/Object; (5 bytes) @ 0x000000011824c334 [0x000000011824c2c0+0x0000000000000074]
j  org.gradle.internal.service.DefaultServiceRegistry.find(Ljava/lang/reflect/Type;)Ljava/lang/Object;+22
j  org.gradle.internal.service.DefaultServiceRegistry.get(Ljava/lang/reflect/Type;)Ljava/lang/Object;+2
j  org.gradle.internal.service.DefaultServiceRegistry.get(Ljava/lang/Class;)Ljava/lang/Object;+3
j  org.gradle.initialization.DefaultGradleLauncherFactory.doNewInstance(Lorg/gradle/api/internal/BuildDefinition;Lorg/gradle/internal/build/BuildState;Lorg/gradle/initialization/GradleLauncher;Lorg/gradle/internal/buildtree/BuildTreeState;Ljava/util/List;)Lorg/gradle/initialization/DefaultGradleLauncher;+231
j  org.gradle.initialization.DefaultGradleLauncherFactory.newInstance(Lorg/gradle/api/internal/BuildDefinition;Lorg/gradle/internal/build/RootBuildState;Lorg/gradle/internal/buildtree/BuildTreeState;)Lorg/gradle/initialization/GradleLauncher;+31
j  org.gradle.composite.internal.DefaultRootBuildState.<init>(Lorg/gradle/api/internal/BuildDefinition;Lorg/gradle/initialization/GradleLauncherFactory;Lorg/gradle/internal/event/ListenerManager;Lorg/gradle/internal/buildtree/BuildTreeState;)V+15
j  org.gradle.composite.internal.DefaultIncludedBuildRegistry.createRootBuild(Lorg/gradle/api/internal/BuildDefinition;)Lorg/gradle/internal/build/RootBuildState;+35
j  org.gradle.launcher.exec.InProcessBuildActionExecuter.execute(Lorg/gradle/internal/invocation/BuildAction;Lorg/gradle/launcher/exec/BuildActionParameters;Lorg/gradle/internal/buildtree/BuildTreeContext;)Lorg/gradle/launcher/exec/BuildActionResult;+23
j  org.gradle.launcher.exec.InProcessBuildActionExecuter.execute(Lorg/gradle/internal/invocation/BuildAction;Ljava/lang/Object;Ljava/lang/Object;)Lorg/gradle/launcher/exec/BuildActionResult;+10
j  org.gradle.launcher.exec.BuildTreeScopeLifecycleBuildActionExecuter.lambda$execute$0(Lorg/gradle/internal/invocation/BuildAction;Lorg/gradle/launcher/exec/BuildActionParameters;Lorg/gradle/internal/buildtree/BuildTreeContext;)Lorg/gradle/launcher/exec/BuildActionResult;+19
j  org.gradle.launcher.exec.BuildTreeScopeLifecycleBuildActionExecuter$$Lambda$86.apply(Ljava/lang/Object;)Ljava/lang/Object;+12
j  org.gradle.internal.buildtree.BuildTreeState.run(Ljava/util/function/Function;)Ljava/lang/Object;+7
j  org.gradle.launcher.exec.BuildTreeScopeLifecycleBuildActionExecuter.execute(Lorg/gradle/internal/invocation/BuildAction;Lorg/gradle/launcher/exec/BuildActionParameters;Lorg/gradle/internal/session/BuildSessionContext;)Lorg/gradle/launcher/exec/BuildActionResult;+46
j  org.gradle.launcher.exec.BuildTreeScopeLifecycleBuildActionExecuter.execute(Lorg/gradle/internal/invocation/BuildAction;Ljava/lang/Object;Ljava/lang/Object;)Lorg/gradle/launcher/exec/BuildActionResult;+10
j  org.gradle.tooling.internal.provider.ContinuousBuildActionExecuter.execute(Lorg/gradle/internal/invocation/BuildAction;Lorg/gradle/launcher/exec/BuildActionParameters;Lorg/gradle/internal/session/BuildSessionContext;)Lorg/gradle/launcher/exec/BuildActionResult;+59
j  org.gradle.tooling.internal.provider.ContinuousBuildActionExecuter.execute(Lorg/gradle/internal/invocation/BuildAction;Ljava/lang/Object;Ljava/lang/Object;)Lorg/gradle/launcher/exec/BuildActionResult;+10
j  org.gradle.tooling.internal.provider.SubscribableBuildActionExecuter.execute(Lorg/gradle/internal/invocation/BuildAction;Lorg/gradle/launcher/exec/BuildActionParameters;Lorg/gradle/internal/session/BuildSessionContext;)Lorg/gradle/launcher/exec/BuildActionResult;+33
j  org.gradle.tooling.internal.provider.SubscribableBuildActionExecuter.execute(Lorg/gradle/internal/invocation/BuildAction;Ljava/lang/Object;Ljava/lang/Object;)Lorg/gradle/launcher/exec/BuildActionResult;+10
j  org.gradle.tooling.internal.provider.SessionScopeLifecycleBuildActionExecuter.lambda$execute$0(Lorg/gradle/internal/invocation/BuildAction;Lorg/gradle/launcher/exec/BuildActionParameters;Lorg/gradle/internal/session/BuildSessionContext;)Lorg/gradle/launcher/exec/BuildActionResult;+52
j  org.gradle.tooling.internal.provider.SessionScopeLifecycleBuildActionExecuter$$Lambda$80.apply(Ljava/lang/Object;)Ljava/lang/Object;+12
j  org.gradle.internal.session.BuildSessionState.run(Ljava/util/function/Function;)Ljava/lang/Object;+9
j  org.gradle.tooling.internal.provider.SessionScopeLifecycleBuildActionExecuter.execute(Lorg/gradle/internal/invocation/BuildAction;Lorg/gradle/launcher/exec/BuildActionParameters;Lorg/gradle/initialization/BuildRequestContext;)Lorg/gradle/launcher/exec/BuildActionResult;+74
j  org.gradle.tooling.internal.provider.SessionScopeLifecycleBuildActionExecuter.execute(Lorg/gradle/internal/invocation/BuildAction;Ljava/lang/Object;Ljava/lang/Object;)Lorg/gradle/launcher/exec/BuildActionResult;+10
j  org.gradle.tooling.internal.provider.GradleThreadBuildActionExecuter.execute(Lorg/gradle/internal/invocation/BuildAction;Lorg/gradle/launcher/exec/BuildActionParameters;Lorg/gradle/initialization/BuildRequestContext;)Lorg/gradle/launcher/exec/BuildActionResult;+10
j  org.gradle.tooling.internal.provider.GradleThreadBuildActionExecuter.execute(Lorg/gradle/internal/invocation/BuildAction;Ljava/lang/Object;Ljava/lang/Object;)Lorg/gradle/launcher/exec/BuildActionResult;+10
j  org.gradle.tooling.internal.provider.StartParamsValidatingActionExecuter.execute(Lorg/gradle/internal/invocation/BuildAction;Lorg/gradle/launcher/exec/BuildActionParameters;Lorg/gradle/initialization/BuildRequestContext;)Lorg/gradle/launcher/exec/BuildActionResult;+175
j  org.gradle.tooling.internal.provider.StartParamsValidatingActionExecuter.execute(Lorg/gradle/internal/invocation/BuildAction;Ljava/lang/Object;Ljava/lang/Object;)Lorg/gradle/launcher/exec/BuildActionResult;+10
j  org.gradle.tooling.internal.provider.SessionFailureReportingActionExecuter.execute(Lorg/gradle/internal/invocation/BuildAction;Lorg/gradle/launcher/exec/BuildActionParameters;Lorg/gradle/initialization/BuildRequestContext;)Lorg/gradle/launcher/exec/BuildActionResult;+7
j  org.gradle.tooling.internal.provider.SessionFailureReportingActionExecuter.execute(Lorg/gradle/internal/invocation/BuildAction;Ljava/lang/Object;Ljava/lang/Object;)Lorg/gradle/launcher/exec/BuildActionResult;+10
j  org.gradle.tooling.internal.provider.SetupLoggingActionExecuter.execute(Lorg/gradle/internal/invocation/BuildAction;Lorg/gradle/launcher/exec/BuildActionParameters;Lorg/gradle/initialization/BuildRequestContext;)Lorg/gradle/launcher/exec/BuildActionResult;+50
j  org.gradle.tooling.internal.provider.SetupLoggingActionExecuter.execute(Lorg/gradle/internal/invocation/BuildAction;Ljava/lang/Object;Ljava/lang/Object;)Lorg/gradle/launcher/exec/BuildActionResult;+10
j  org.gradle.launcher.daemon.server.exec.ExecuteBuild.doBuild(Lorg/gradle/launcher/daemon/server/api/DaemonCommandExecution;Lorg/gradle/launcher/daemon/protocol/Build;)V+114
j  org.gradle.launcher.daemon.server.exec.BuildCommandOnly.execute(Lorg/gradle/launcher/daemon/server/api/DaemonCommandExecution;)V+49
j  org.gradle.launcher.daemon.server.api.DaemonCommandExecution.proceed()Z+23
j  org.gradle.launcher.daemon.server.exec.WatchForDisconnection.execute(Lorg/gradle/launcher/daemon/server/api/DaemonCommandExecution;)V+19
j  org.gradle.launcher.daemon.server.api.DaemonCommandExecution.proceed()Z+23
...<more frames>...


siginfo: si_signo: 11 (SIGSEGV), si_code: 1 (SEGV_MAPERR), si_addr: 0x000000014afb5ab2

Register to memory mapping:

RAX=0x0000000006da6c70 is an unknown value
RBX=0x0000000006da6c70 is an unknown value
RCX={method} {0x000000012f91a9a0} 'getArgumentTypes' '(Ljava/lang/String;)[Lorg/objectweb/asm/Type;' in 'org/objectweb/asm/Type'
RDX=0x000000012f91a8e2 is pointing into metadata
RSP=0x0000700006da6c80 is pointing into the stack for thread: 0x00007fa90e81a800
RBP=0x0000700006da6cb8 is pointing into the stack for thread: 0x00007fa90e81a800
RSI=0x00000007866d6480 is an oop: java.lang.String 
{0x00000007866d6480} - klass: 'java/lang/String'
RDI=0x00007fa90e81a800 is a thread
R8 =0x0000000000000003 is an unknown value
R9 =0x00007fa90e81a800 is a thread
R10=0x0000000113950fa0: _ZN19TemplateInterpreter13_active_tableE+0x4800 in /Applications/Android Studio.app/Contents/jre/jdk/Contents/Home/lib/server/libjvm.dylib at 0x0000000113000000
R11=0x000000000000004b is an unknown value
R12=0x0 is NULL
R13=0x000000012f91a8f0 is pointing into metadata
R14=0x0000700006da6cf8 is pointing into the stack for thread: 0x00007fa90e81a800
R15=0x00007fa90e81a800 is a thread


Registers:
RAX=0x0000000006da6c70, RBX=0x0000000006da6c70, RCX=0x000000012f91a9a0, RDX=0x000000012f91a8e2
RSP=0x0000700006da6c80, RBP=0x0000700006da6cb8, RSI=0x00000007866d6480, RDI=0x00007fa90e81a800
R8 =0x0000000000000003, R9 =0x00007fa90e81a800, R10=0x0000000113950fa0, R11=0x000000000000004b
R12=0x0000000000000000, R13=0x000000012f91a8f0, R14=0x0000700006da6cf8, R15=0x00007fa90e81a800
RIP=0x0000000117c7261a, EFLAGS=0x0000000000010297, ERR=0x0000000000000004
  TRAPNO=0x000000000000000e

Top of Stack: (sp=0x0000700006da6c80)
0x0000700006da6c80:   0000700006da6cf8 000000012f91c620
0x0000700006da6c90:   0000000000000000 0000000780ee3d08
0x0000700006da6ca0:   000000012f91a9a0 0000000000000000
0x0000700006da6cb0:   0000700006da6cf8 0000700006da6d48
0x0000700006da6cc0:   0000000117c69940 0000000000000000
0x0000700006da6cd0:   0000000000000001 0000000000000000
0x0000700006da6ce0:   0000000786585340 0000000000000001
0x0000700006da6cf0:   0000000000000002 00000007866d6480
0x0000700006da6d00:   0000700006da6d00 0000000130491f2d
0x0000700006da6d10:   0000700006da6da8 0000000130498370
0x0000700006da6d20:   0000000000000000 000000078656fe00
0x0000700006da6d30:   0000000130492018 0000700006da6cf8
0x0000700006da6d40:   0000700006da6d88 0000700006da6df8
0x0000700006da6d50:   0000000117c69be7 0000000000000000
0x0000700006da6d60:   0000000000000000 0000000000000000
0x0000700006da6d70:   0000000000000000 0000000000000000
0x0000700006da6d80:   0000000000000001 0000000000000003
0x0000700006da6d90:   00000007866d6480 0000000000000001
0x0000700006da6da0:   00000007865561f0 0000000786585150
0x0000700006da6db0:   0000700006da6db0 0000000130483241
0x0000700006da6dc0:   0000700006da6e50 0000000130495000
0x0000700006da6dd0:   0000000000000000 000000078653b198
0x0000700006da6de0:   00000001304834f0 0000700006da6d88
0x0000700006da6df0:   0000700006da6e50 0000700006da6ea0
0x0000700006da6e00:   0000000117c69be7 0000000000000000
0x0000700006da6e10:   0000000000000000 0000000000000000
0x0000700006da6e20:   0000000000000000 0000000000000000
0x0000700006da6e30:   0000000000000000 0000000000000000
0x0000700006da6e40:   0000000786585150 0000000000000000
0x0000700006da6e50:   0000000786584f60 0000700006da6e58
0x0000700006da6e60:   00000001304830b9 0000700006da6ec0
0x0000700006da6e70:   0000000130495000 0000000000000000 

Instructions: (pc=0x0000000117c7261a)
0x0000000117c7251a:   11 04 24 e9 1d 00 00 00 48 83 ec 10 48 89 04 24
0x0000000117c7252a:   49 ba 00 00 00 00 00 00 00 00 4c 89 54 24 08 e9
0x0000000117c7253a:   01 00 00 00 50 49 8b 46 f0 41 0f b6 5d 01 49 ff
0x0000000117c7254a:   c5 49 ba a0 07 95 13 01 00 00 00 41 ff 24 da 0f
0x0000000117c7255a:   1f 80 00 00 00 00 80 00 00 00 00 00 00 00 42 af
0x0000000117c7256a:   77 13 01 00 00 00 2d 00 00 00 00 00 00 00 00 00
0x0000000117c7257a:   00 00 00 00 00 00 50 e9 39 00 00 00 48 83 ec 08
0x0000000117c7258a:   c5 fa 11 04 24 e9 2b 00 00 00 48 83 ec 10 c5 fb
0x0000000117c7259a:   11 04 24 e9 1d 00 00 00 48 83 ec 10 48 89 04 24
0x0000000117c725aa:   49 ba 00 00 00 00 00 00 00 00 4c 89 54 24 08 e9
0x0000000117c725ba:   01 00 00 00 50 49 8b 46 e8 41 0f b6 5d 01 49 ff
0x0000000117c725ca:   c5 49 ba a0 07 95 13 01 00 00 00 41 ff 24 da 0f
0x0000000117c725da:   1f 80 00 00 00 00 60 00 00 00 00 00 00 00 4a af
0x0000000117c725ea:   77 13 01 00 00 00 2e 00 00 00 00 00 00 00 00 00
0x0000000117c725fa:   00 00 00 00 00 00 8b 04 24 48 83 c4 08 5a 48 63
0x0000000117c7260a:   c0 3b 42 0c 8b d8 72 08 48 8b f2 e9 86 b4 ff ff
0x0000000117c7261a:   8b 44 82 10 41 0f b6 5d 01 49 ff c5 49 ba a0 e7
0x0000000117c7262a:   94 13 01 00 00 00 41 ff 24 da 0f 1f 40 00 00 00
0x0000000117c7263a:   00 00 00 00 00 00 60 00 00 00 00 00 00 00 51 af
0x0000000117c7264a:   77 13 01 00 00 00 2f 00 00 00 00 00 00 00 00 00
0x0000000117c7265a:   00 00 00 00 00 00 8b 04 24 48 83 c4 08 5a 48 63
0x0000000117c7266a:   c0 3b 42 0c 8b d8 72 08 48 8b f2 e9 26 b4 ff ff
0x0000000117c7267a:   48 8b 44 da 10 41 0f b6 5d 01 49 ff c5 49 ba a0
0x0000000117c7268a:   ef 94 13 01 00 00 00 41 ff 24 da 66 66 90 00 00
0x0000000117c7269a:   00 00 00 00 00 00 60 00 00 00 00 00 00 00 58 af
0x0000000117c726aa:   77 13 01 00 00 00 30 00 00 00 00 00 00 00 00 00
0x0000000117c726ba:   00 00 00 00 00 00 8b 04 24 48 83 c4 08 5a 48 63
0x0000000117c726ca:   c0 3b 42 0c 8b d8 72 08 48 8b f2 e9 c6 b3 ff ff
0x0000000117c726da:   c5 fa 10 44 82 10 41 0f b6 5d 01 49 ff c5 49 ba
0x0000000117c726ea:   a0 f7 94 13 01 00 00 00 41 ff 24 da 66 90 00 00
0x0000000117c726fa:   00 00 00 00 00 00 60 00 00 00 00 00 00 00 5f af
0x0000000117c7270a:   77 13 01 00 00 00 31 00 00 00 00 00 00 00 00 00 


Stack slot to memory mapping:
stack at sp + 0 slots: 0x0000700006da6cf8 is pointing into the stack for thread: 0x00007fa90e81a800
stack at sp + 1 slots: 0x000000012f91c620 is pointing into metadata
stack at sp + 2 slots: 0x0 is NULL
stack at sp + 3 slots: 0x0000000780ee3d08 is an oop: java.lang.Class 
{0x0000000780ee3d08} - klass: 'java/lang/Class'
stack at sp + 4 slots: {method} {0x000000012f91a9a0} 'getArgumentTypes' '(Ljava/lang/String;)[Lorg/objectweb/asm/Type;' in 'org/objectweb/asm/Type'
stack at sp + 5 slots: 0x0 is NULL
stack at sp + 6 slots: 0x0000700006da6cf8 is pointing into the stack for thread: 0x00007fa90e81a800
stack at sp + 7 slots: 0x0000700006da6d48 is pointing into the stack for thread: 0x00007fa90e81a800

iaload  46 iaload  [0x0000000117c72600, 0x0000000117c72640]  64 bytes

---------------  P R O C E S S  ---------------

Threads class SMR info:
_java_thread_list=0x00007fa90d78a8c0, length=22, elements={
0x00007fa910013800, 0x00007fa910825000, 0x00007fa910813000, 0x00007fa90f049800,
0x00007fa912817000, 0x00007fa91001d000, 0x00007fa90e00b000, 0x00007fa90f03e800,
0x00007fa911072000, 0x00007fa910204000, 0x00007fa910b7b000, 0x00007fa912a62000,
0x00007fa9108f1800, 0x00007fa90e8e1000, 0x00007fa90e863800, 0x00007fa90e81a800,
0x00007fa90e8d9800, 0x00007fa91120c800, 0x00007fa9110cb800, 0x00007fa910b6c000,
0x00007fa912a7c000, 0x00007fa90dc4a000
}

Java Threads: ( => current thread )
  0x00007fa910013800 JavaThread "main" [_thread_blocked, id=6403, stack(0x00007000052da000,0x00007000053da000)]
  0x00007fa910825000 JavaThread "Reference Handler" daemon [_thread_blocked, id=18179, stack(0x00007000059ef000,0x0000700005aef000)]
  0x00007fa910813000 JavaThread "Finalizer" daemon [_thread_blocked, id=17667, stack(0x0000700005af2000,0x0000700005bf2000)]
  0x00007fa90f049800 JavaThread "Signal Dispatcher" daemon [_thread_blocked, id=43271, stack(0x0000700005d7e000,0x0000700005e7e000)]
  0x00007fa912817000 JavaThread "C2 CompilerThread0" daemon [_thread_in_native, id=23043, stack(0x0000700005e81000,0x0000700005f81000)]
  0x00007fa91001d000 JavaThread "C1 CompilerThread0" daemon [_thread_blocked, id=42755, stack(0x0000700005f84000,0x0000700006084000)]
  0x00007fa90e00b000 JavaThread "Sweeper thread" daemon [_thread_blocked, id=42499, stack(0x0000700006087000,0x0000700006187000)]
  0x00007fa90f03e800 JavaThread "Common-Cleaner" daemon [_thread_blocked, id=42243, stack(0x000070000618a000,0x000070000628a000)]
  0x00007fa911072000 JavaThread "Service Thread" daemon [_thread_blocked, id=41731, stack(0x000070000628d000,0x000070000638d000)]
  0x00007fa910204000 JavaThread "Daemon health stats" [_thread_blocked, id=26371, stack(0x0000700006699000,0x0000700006799000)]
  0x00007fa910b7b000 JavaThread "Incoming local TCP Connector on port 49557" [_thread_in_native, id=26883, stack(0x000070000679c000,0x000070000689c000)]
  0x00007fa912a62000 JavaThread "Daemon periodic checks" [_thread_blocked, id=27139, stack(0x000070000689f000,0x000070000699f000)]
  0x00007fa9108f1800 JavaThread "Daemon" [_thread_blocked, id=27907, stack(0x00007000069a2000,0x0000700006aa2000)]
  0x00007fa90e8e1000 JavaThread "Handler for socket connection from /127.0.0.1:49557 to /127.0.0.1:49558" [_thread_in_native, id=40195, stack(0x0000700006aa5000,0x0000700006ba5000)]
  0x00007fa90e863800 JavaThread "Cancel handler" [_thread_blocked, id=28931, stack(0x0000700006ba8000,0x0000700006ca8000)]
=>0x00007fa90e81a800 JavaThread "Daemon worker" [_thread_in_Java, id=29443, stack(0x0000700006cab000,0x0000700006dab000)]
  0x00007fa90e8d9800 JavaThread "Asynchronous log dispatcher for DefaultDaemonConnection: socket connection from /127.0.0.1:49557 to /127.0.0.1:49558" [_thread_blocked, id=29699, stack(0x0000700006dae000,0x0000700006eae000)]
  0x00007fa91120c800 JavaThread "Stdin handler" [_thread_blocked, id=29955, stack(0x0000700006eb1000,0x0000700006fb1000)]
  0x00007fa9110cb800 JavaThread "Thread-8" [_thread_blocked, id=38147, stack(0x0000700006fb4000,0x00007000070b4000)]
  0x00007fa910b6c000 JavaThread "Cache worker for file hash cache (/Users/yuhyeon/.gradle/caches/6.7.1/fileHashes)" [_thread_blocked, id=30723, stack(0x00007000070b7000,0x00007000071b7000)]
  0x00007fa912a7c000 JavaThread "File lock request listener" [_thread_in_native, id=37123, stack(0x00007000071ba000,0x00007000072ba000)]
  0x00007fa90dc4a000 JavaThread "Cache worker for journal cache (/Users/yuhyeon/.gradle/caches/journal-1)" [_thread_blocked, id=33027, stack(0x00007000078cf000,0x00007000079cf000)]

Other Threads:
  0x00007fa91080f000 VMThread "VM Thread" [stack: 0x00007000058ec000,0x00007000059ec000] [id=13571]
  0x00007fa910833000 WatcherThread [stack: 0x0000700006390000,0x0000700006490000] [id=25091]
  0x00007fa911009000 GCTaskThread "GC Thread#0" [stack: 0x00007000053dd000,0x00007000054dd000] [id=20995]
  0x00007fa90e03c800 GCTaskThread "GC Thread#1" [stack: 0x0000700006493000,0x0000700006593000] [id=25347]
  0x00007fa90e141800 GCTaskThread "GC Thread#2" [stack: 0x0000700006596000,0x0000700006696000] [id=41219]
  0x00007fa90e8da800 GCTaskThread "GC Thread#3" [stack: 0x00007000072bd000,0x00007000073bd000] [id=31235]
  0x00007fa911051800 GCTaskThread "GC Thread#4" [stack: 0x00007000073c0000,0x00007000074c0000] [id=31491]
  0x00007fa91156e800 GCTaskThread "GC Thread#5" [stack: 0x00007000074c3000,0x00007000075c3000] [id=32003]
  0x00007fa910855800 GCTaskThread "GC Thread#6" [stack: 0x00007000075c6000,0x00007000076c6000] [id=32515]
  0x00007fa90e311800 GCTaskThread "GC Thread#7" [stack: 0x00007000076c9000,0x00007000077c9000] [id=36355]
  0x00007fa911030000 ConcurrentGCThread "G1 Main Marker" [stack: 0x00007000054e0000,0x00007000055e0000] [id=20739]
  0x00007fa911030800 ConcurrentGCThread "G1 Conc#0" [stack: 0x00007000055e3000,0x00007000056e3000] [id=12035]
  0x00007fa9111dc000 ConcurrentGCThread "G1 Conc#1" [stack: 0x00007000077cc000,0x00007000078cc000] [id=32771]
  0x00007fa90e80c000 ConcurrentGCThread "G1 Refine#0" [stack: 0x00007000056e6000,0x00007000057e6000] [id=19715]
  0x00007fa90e80c800 ConcurrentGCThread "G1 Young RemSet Sampling" [stack: 0x00007000057e9000,0x00007000058e9000] [id=12547]

Threads with active compile tasks:
C2 CompilerThread0   3026 1806   !   4       java.lang.ClassLoader::loadClass (122 bytes)

VM state:not at safepoint (normal execution)

VM Mutex/Monitor currently owned by a thread: None

Heap address: 0x0000000780000000, size: 2048 MB, Compressed Oops mode: Zero based, Oop shift amount: 3
Narrow klass base: 0x0000000800000000, Narrow klass shift: 0
Compressed class space size: 1073741824 Address: 0x0000000800000000

Heap:
 garbage-first heap   total 131072K, used 42345K [0x0000000780000000, 0x0000000800000000)
  region size 1024K, 27 young (27648K), 1 survivors (1024K)
 Metaspace       used 23291K, capacity 23887K, committed 24192K, reserved 1071104K
  class space    used 2966K, capacity 3168K, committed 3200K, reserved 1048576K
Heap Regions: E=young(eden), S=young(survivor), O=old, HS=humongous(starts), HC=humongous(continues), CS=collection set, F=free, A=archive, TAMS=top-at-mark-start (previous, next)
|   0|0x0000000780000000, 0x0000000780100000, 0x0000000780100000|100%| O|  |TAMS 0x0000000780100000, 0x0000000780000000| Untracked 
|   1|0x0000000780100000, 0x0000000780200000, 0x0000000780200000|100%| O|  |TAMS 0x0000000780200000, 0x0000000780100000| Untracked 
|   2|0x0000000780200000, 0x0000000780300000, 0x0000000780300000|100%| O|  |TAMS 0x0000000780300000, 0x0000000780200000| Untracked 
|   3|0x0000000780300000, 0x0000000780400000, 0x0000000780400000|100%|HS|  |TAMS 0x0000000780400000, 0x0000000780300000| Complete 
|   4|0x0000000780400000, 0x0000000780500000, 0x0000000780500000|100%|HC|  |TAMS 0x0000000780500000, 0x0000000780400000| Complete 
|   5|0x0000000780500000, 0x0000000780600000, 0x0000000780600000|100%|HC|  |TAMS 0x0000000780600000, 0x0000000780500000| Complete 
|   6|0x0000000780600000, 0x0000000780700000, 0x0000000780700000|100%| O|  |TAMS 0x0000000780700000, 0x0000000780600000| Untracked 
|   7|0x0000000780700000, 0x0000000780800000, 0x0000000780800000|100%| O|  |TAMS 0x0000000780800000, 0x0000000780700000| Untracked 
|   8|0x0000000780800000, 0x0000000780900000, 0x0000000780900000|100%| O|  |TAMS 0x0000000780900000, 0x0000000780800000| Untracked 
|   9|0x0000000780900000, 0x0000000780a00000, 0x0000000780a00000|100%| O|  |TAMS 0x0000000780a00000, 0x0000000780900000| Untracked 
|  10|0x0000000780a00000, 0x0000000780b00000, 0x0000000780b00000|100%| O|  |TAMS 0x0000000780b00000, 0x0000000780a00000| Untracked 
|  11|0x0000000780b00000, 0x0000000780c00000, 0x0000000780c00000|100%| O|  |TAMS 0x0000000780c00000, 0x0000000780b00000| Untracked 
|  12|0x0000000780c00000, 0x0000000780d00000, 0x0000000780d00000|100%| O|  |TAMS 0x0000000780d00000, 0x0000000780c00000| Untracked 
|  13|0x0000000780d00000, 0x0000000780e00000, 0x0000000780e00000|100%| O|  |TAMS 0x0000000780e00000, 0x0000000780d00000| Untracked 
|  14|0x0000000780e00000, 0x0000000780f00000, 0x0000000780f00000|100%| O|  |TAMS 0x0000000780f00000, 0x0000000780e00000| Untracked 
|  15|0x0000000780f00000, 0x0000000780f9bc00, 0x0000000781000000| 60%| O|  |TAMS 0x0000000780f9bc00, 0x0000000780f00000| Untracked 
|  16|0x0000000781000000, 0x0000000781000000, 0x0000000781100000|  0%| F|  |TAMS 0x0000000781000000, 0x0000000781000000| Untracked 
|  17|0x0000000781100000, 0x0000000781100000, 0x0000000781200000|  0%| F|  |TAMS 0x0000000781100000, 0x0000000781100000| Untracked 
|  18|0x0000000781200000, 0x0000000781200000, 0x0000000781300000|  0%| F|  |TAMS 0x0000000781200000, 0x0000000781200000| Untracked 
|  19|0x0000000781300000, 0x0000000781300000, 0x0000000781400000|  0%| F|  |TAMS 0x0000000781300000, 0x0000000781300000| Untracked 
|  20|0x0000000781400000, 0x0000000781400000, 0x0000000781500000|  0%| F|  |TAMS 0x0000000781400000, 0x0000000781400000| Untracked 
|  21|0x0000000781500000, 0x0000000781500000, 0x0000000781600000|  0%| F|  |TAMS 0x0000000781500000, 0x0000000781500000| Untracked 
|  22|0x0000000781600000, 0x0000000781600000, 0x0000000781700000|  0%| F|  |TAMS 0x0000000781600000, 0x0000000781600000| Untracked 
|  23|0x0000000781700000, 0x0000000781700000, 0x0000000781800000|  0%| F|  |TAMS 0x0000000781700000, 0x0000000781700000| Untracked 
|  24|0x0000000781800000, 0x0000000781800000, 0x0000000781900000|  0%| F|  |TAMS 0x0000000781800000, 0x0000000781800000| Untracked 
|  25|0x0000000781900000, 0x0000000781900000, 0x0000000781a00000|  0%| F|  |TAMS 0x0000000781900000, 0x0000000781900000| Untracked 
|  26|0x0000000781a00000, 0x0000000781a00000, 0x0000000781b00000|  0%| F|  |TAMS 0x0000000781a00000, 0x0000000781a00000| Untracked 
|  27|0x0000000781b00000, 0x0000000781b00000, 0x0000000781c00000|  0%| F|  |TAMS 0x0000000781b00000, 0x0000000781b00000| Untracked 
|  28|0x0000000781c00000, 0x0000000781c00000, 0x0000000781d00000|  0%| F|  |TAMS 0x0000000781c00000, 0x0000000781c00000| Untracked 
|  29|0x0000000781d00000, 0x0000000781d00000, 0x0000000781e00000|  0%| F|  |TAMS 0x0000000781d00000, 0x0000000781d00000| Untracked 
|  30|0x0000000781e00000, 0x0000000781e00000, 0x0000000781f00000|  0%| F|  |TAMS 0x0000000781e00000, 0x0000000781e00000| Untracked 
|  31|0x0000000781f00000, 0x0000000781f00000, 0x0000000782000000|  0%| F|  |TAMS 0x0000000781f00000, 0x0000000781f00000| Untracked 
|  32|0x0000000782000000, 0x0000000782000000, 0x0000000782100000|  0%| F|  |TAMS 0x0000000782000000, 0x0000000782000000| Untracked 
|  33|0x0000000782100000, 0x0000000782100000, 0x0000000782200000|  0%| F|  |TAMS 0x0000000782100000, 0x0000000782100000| Untracked 
|  34|0x0000000782200000, 0x0000000782200000, 0x0000000782300000|  0%| F|  |TAMS 0x0000000782200000, 0x0000000782200000| Untracked 
|  35|0x0000000782300000, 0x0000000782300000, 0x0000000782400000|  0%| F|  |TAMS 0x0000000782300000, 0x0000000782300000| Untracked 
|  36|0x0000000782400000, 0x0000000782400000, 0x0000000782500000|  0%| F|  |TAMS 0x0000000782400000, 0x0000000782400000| Untracked 
|  37|0x0000000782500000, 0x0000000782500000, 0x0000000782600000|  0%| F|  |TAMS 0x0000000782500000, 0x0000000782500000| Untracked 
|  38|0x0000000782600000, 0x0000000782600000, 0x0000000782700000|  0%| F|  |TAMS 0x0000000782600000, 0x0000000782600000| Untracked 
|  39|0x0000000782700000, 0x0000000782700000, 0x0000000782800000|  0%| F|  |TAMS 0x0000000782700000, 0x0000000782700000| Untracked 
|  40|0x0000000782800000, 0x0000000782800000, 0x0000000782900000|  0%| F|  |TAMS 0x0000000782800000, 0x0000000782800000| Untracked 
|  41|0x0000000782900000, 0x0000000782900000, 0x0000000782a00000|  0%| F|  |TAMS 0x0000000782900000, 0x0000000782900000| Untracked 
|  42|0x0000000782a00000, 0x0000000782a00000, 0x0000000782b00000|  0%| F|  |TAMS 0x0000000782a00000, 0x0000000782a00000| Untracked 
|  43|0x0000000782b00000, 0x0000000782b00000, 0x0000000782c00000|  0%| F|  |TAMS 0x0000000782b00000, 0x0000000782b00000| Untracked 
|  44|0x0000000782c00000, 0x0000000782c00000, 0x0000000782d00000|  0%| F|  |TAMS 0x0000000782c00000, 0x0000000782c00000| Untracked 
|  45|0x0000000782d00000, 0x0000000782d00000, 0x0000000782e00000|  0%| F|  |TAMS 0x0000000782d00000, 0x0000000782d00000| Untracked 
|  46|0x0000000782e00000, 0x0000000782e00000, 0x0000000782f00000|  0%| F|  |TAMS 0x0000000782e00000, 0x0000000782e00000| Untracked 
|  47|0x0000000782f00000, 0x0000000782f00000, 0x0000000783000000|  0%| F|  |TAMS 0x0000000782f00000, 0x0000000782f00000| Untracked 
|  48|0x0000000783000000, 0x0000000783000000, 0x0000000783100000|  0%| F|  |TAMS 0x0000000783000000, 0x0000000783000000| Untracked 
|  49|0x0000000783100000, 0x0000000783100000, 0x0000000783200000|  0%| F|  |TAMS 0x0000000783100000, 0x0000000783100000| Untracked 
|  50|0x0000000783200000, 0x0000000783200000, 0x0000000783300000|  0%| F|  |TAMS 0x0000000783200000, 0x0000000783200000| Untracked 
|  51|0x0000000783300000, 0x0000000783300000, 0x0000000783400000|  0%| F|  |TAMS 0x0000000783300000, 0x0000000783300000| Untracked 
|  52|0x0000000783400000, 0x0000000783400000, 0x0000000783500000|  0%| F|  |TAMS 0x0000000783400000, 0x0000000783400000| Untracked 
|  53|0x0000000783500000, 0x0000000783500000, 0x0000000783600000|  0%| F|  |TAMS 0x0000000783500000, 0x0000000783500000| Untracked 
|  54|0x0000000783600000, 0x0000000783600000, 0x0000000783700000|  0%| F|  |TAMS 0x0000000783600000, 0x0000000783600000| Untracked 
|  55|0x0000000783700000, 0x0000000783700000, 0x0000000783800000|  0%| F|  |TAMS 0x0000000783700000, 0x0000000783700000| Untracked 
|  56|0x0000000783800000, 0x0000000783800000, 0x0000000783900000|  0%| F|  |TAMS 0x0000000783800000, 0x0000000783800000| Untracked 
|  57|0x0000000783900000, 0x0000000783900000, 0x0000000783a00000|  0%| F|  |TAMS 0x0000000783900000, 0x0000000783900000| Untracked 
|  58|0x0000000783a00000, 0x0000000783a00000, 0x0000000783b00000|  0%| F|  |TAMS 0x0000000783a00000, 0x0000000783a00000| Untracked 
|  59|0x0000000783b00000, 0x0000000783b00000, 0x0000000783c00000|  0%| F|  |TAMS 0x0000000783b00000, 0x0000000783b00000| Untracked 
|  60|0x0000000783c00000, 0x0000000783c00000, 0x0000000783d00000|  0%| F|  |TAMS 0x0000000783c00000, 0x0000000783c00000| Untracked 
|  61|0x0000000783d00000, 0x0000000783d00000, 0x0000000783e00000|  0%| F|  |TAMS 0x0000000783d00000, 0x0000000783d00000| Untracked 
|  62|0x0000000783e00000, 0x0000000783e00000, 0x0000000783f00000|  0%| F|  |TAMS 0x0000000783e00000, 0x0000000783e00000| Untracked 
|  63|0x0000000783f00000, 0x0000000783f00000, 0x0000000784000000|  0%| F|  |TAMS 0x0000000783f00000, 0x0000000783f00000| Untracked 
|  64|0x0000000784000000, 0x0000000784000000, 0x0000000784100000|  0%| F|  |TAMS 0x0000000784000000, 0x0000000784000000| Untracked 
|  65|0x0000000784100000, 0x0000000784100000, 0x0000000784200000|  0%| F|  |TAMS 0x0000000784100000, 0x0000000784100000| Untracked 
|  66|0x0000000784200000, 0x0000000784200000, 0x0000000784300000|  0%| F|  |TAMS 0x0000000784200000, 0x0000000784200000| Untracked 
|  67|0x0000000784300000, 0x0000000784300000, 0x0000000784400000|  0%| F|  |TAMS 0x0000000784300000, 0x0000000784300000| Untracked 
|  68|0x0000000784400000, 0x0000000784400000, 0x0000000784500000|  0%| F|  |TAMS 0x0000000784400000, 0x0000000784400000| Untracked 
|  69|0x0000000784500000, 0x0000000784500000, 0x0000000784600000|  0%| F|  |TAMS 0x0000000784500000, 0x0000000784500000| Untracked 
|  70|0x0000000784600000, 0x0000000784600000, 0x0000000784700000|  0%| F|  |TAMS 0x0000000784600000, 0x0000000784600000| Untracked 
|  71|0x0000000784700000, 0x0000000784700000, 0x0000000784800000|  0%| F|  |TAMS 0x0000000784700000, 0x0000000784700000| Untracked 
|  72|0x0000000784800000, 0x0000000784800000, 0x0000000784900000|  0%| F|  |TAMS 0x0000000784800000, 0x0000000784800000| Untracked 
|  73|0x0000000784900000, 0x0000000784900000, 0x0000000784a00000|  0%| F|  |TAMS 0x0000000784900000, 0x0000000784900000| Untracked 
|  74|0x0000000784a00000, 0x0000000784a00000, 0x0000000784b00000|  0%| F|  |TAMS 0x0000000784a00000, 0x0000000784a00000| Untracked 
|  75|0x0000000784b00000, 0x0000000784b00000, 0x0000000784c00000|  0%| F|  |TAMS 0x0000000784b00000, 0x0000000784b00000| Untracked 
|  76|0x0000000784c00000, 0x0000000784c00000, 0x0000000784d00000|  0%| F|  |TAMS 0x0000000784c00000, 0x0000000784c00000| Untracked 
|  77|0x0000000784d00000, 0x0000000784d00000, 0x0000000784e00000|  0%| F|  |TAMS 0x0000000784d00000, 0x0000000784d00000| Untracked 
|  78|0x0000000784e00000, 0x0000000784e00000, 0x0000000784f00000|  0%| F|  |TAMS 0x0000000784e00000, 0x0000000784e00000| Untracked 
|  79|0x0000000784f00000, 0x0000000784f00000, 0x0000000785000000|  0%| F|  |TAMS 0x0000000784f00000, 0x0000000784f00000| Untracked 
|  80|0x0000000785000000, 0x0000000785000000, 0x0000000785100000|  0%| F|  |TAMS 0x0000000785000000, 0x0000000785000000| Untracked 
|  81|0x0000000785100000, 0x0000000785100000, 0x0000000785200000|  0%| F|  |TAMS 0x0000000785100000, 0x0000000785100000| Untracked 
|  82|0x0000000785200000, 0x0000000785200000, 0x0000000785300000|  0%| F|  |TAMS 0x0000000785200000, 0x0000000785200000| Untracked 
|  83|0x0000000785300000, 0x0000000785300000, 0x0000000785400000|  0%| F|  |TAMS 0x0000000785300000, 0x0000000785300000| Untracked 
|  84|0x0000000785400000, 0x0000000785400000, 0x0000000785500000|  0%| F|  |TAMS 0x0000000785400000, 0x0000000785400000| Untracked 
|  85|0x0000000785500000, 0x0000000785500000, 0x0000000785600000|  0%| F|  |TAMS 0x0000000785500000, 0x0000000785500000| Untracked 
|  86|0x0000000785600000, 0x0000000785600000, 0x0000000785700000|  0%| F|  |TAMS 0x0000000785600000, 0x0000000785600000| Untracked 
|  87|0x0000000785700000, 0x0000000785700000, 0x0000000785800000|  0%| F|  |TAMS 0x0000000785700000, 0x0000000785700000| Untracked 
|  88|0x0000000785800000, 0x0000000785800000, 0x0000000785900000|  0%| F|  |TAMS 0x0000000785800000, 0x0000000785800000| Untracked 
|  89|0x0000000785900000, 0x0000000785900000, 0x0000000785a00000|  0%| F|  |TAMS 0x0000000785900000, 0x0000000785900000| Untracked 
|  90|0x0000000785a00000, 0x0000000785a00000, 0x0000000785b00000|  0%| F|  |TAMS 0x0000000785a00000, 0x0000000785a00000| Untracked 
|  91|0x0000000785b00000, 0x0000000785b00000, 0x0000000785c00000|  0%| F|  |TAMS 0x0000000785b00000, 0x0000000785b00000| Untracked 
|  92|0x0000000785c00000, 0x0000000785c00000, 0x0000000785d00000|  0%| F|  |TAMS 0x0000000785c00000, 0x0000000785c00000| Untracked 
|  93|0x0000000785d00000, 0x0000000785d00000, 0x0000000785e00000|  0%| F|  |TAMS 0x0000000785d00000, 0x0000000785d00000| Untracked 
|  94|0x0000000785e00000, 0x0000000785e00000, 0x0000000785f00000|  0%| F|  |TAMS 0x0000000785e00000, 0x0000000785e00000| Untracked 
|  95|0x0000000785f00000, 0x0000000785f00000, 0x0000000786000000|  0%| F|  |TAMS 0x0000000785f00000, 0x0000000785f00000| Untracked 
|  96|0x0000000786000000, 0x0000000786000000, 0x0000000786100000|  0%| F|  |TAMS 0x0000000786000000, 0x0000000786000000| Untracked 
|  97|0x0000000786100000, 0x0000000786100000, 0x0000000786200000|  0%| F|  |TAMS 0x0000000786100000, 0x0000000786100000| Untracked 
|  98|0x0000000786200000, 0x0000000786200000, 0x0000000786300000|  0%| F|  |TAMS 0x0000000786200000, 0x0000000786200000| Untracked 
|  99|0x0000000786300000, 0x0000000786300000, 0x0000000786400000|  0%| F|  |TAMS 0x0000000786300000, 0x0000000786300000| Untracked 
| 100|0x0000000786400000, 0x0000000786400000, 0x0000000786500000|  0%| F|  |TAMS 0x0000000786400000, 0x0000000786400000| Untracked 
| 101|0x0000000786500000, 0x000000078659a458, 0x0000000786600000| 60%| E|  |TAMS 0x0000000786500000, 0x0000000786500000| Complete 
| 102|0x0000000786600000, 0x0000000786700000, 0x0000000786700000|100%| E|CS|TAMS 0x0000000786600000, 0x0000000786600000| Complete 
| 103|0x0000000786700000, 0x0000000786800000, 0x0000000786800000|100%| E|CS|TAMS 0x0000000786700000, 0x0000000786700000| Complete 
| 104|0x0000000786800000, 0x0000000786900000, 0x0000000786900000|100%| E|CS|TAMS 0x0000000786800000, 0x0000000786800000| Complete 
| 105|0x0000000786900000, 0x0000000786a00000, 0x0000000786a00000|100%| E|CS|TAMS 0x0000000786900000, 0x0000000786900000| Complete 
| 106|0x0000000786a00000, 0x0000000786b00000, 0x0000000786b00000|100%| E|CS|TAMS 0x0000000786a00000, 0x0000000786a00000| Complete 
| 107|0x0000000786b00000, 0x0000000786c00000, 0x0000000786c00000|100%| E|CS|TAMS 0x0000000786b00000, 0x0000000786b00000| Complete 
| 108|0x0000000786c00000, 0x0000000786d00000, 0x0000000786d00000|100%| E|CS|TAMS 0x0000000786c00000, 0x0000000786c00000| Complete 
| 109|0x0000000786d00000, 0x0000000786e00000, 0x0000000786e00000|100%| E|CS|TAMS 0x0000000786d00000, 0x0000000786d00000| Complete 
| 110|0x0000000786e00000, 0x0000000786f00000, 0x0000000786f00000|100%| E|CS|TAMS 0x0000000786e00000, 0x0000000786e00000| Complete 
| 111|0x0000000786f00000, 0x0000000787000000, 0x0000000787000000|100%| E|CS|TAMS 0x0000000786f00000, 0x0000000786f00000| Complete 
| 112|0x0000000787000000, 0x0000000787100000, 0x0000000787100000|100%| E|CS|TAMS 0x0000000787000000, 0x0000000787000000| Complete 
| 113|0x0000000787100000, 0x0000000787200000, 0x0000000787200000|100%| E|CS|TAMS 0x0000000787100000, 0x0000000787100000| Complete 
| 114|0x0000000787200000, 0x0000000787300000, 0x0000000787300000|100%| E|CS|TAMS 0x0000000787200000, 0x0000000787200000| Complete 
| 115|0x0000000787300000, 0x0000000787400000, 0x0000000787400000|100%| E|CS|TAMS 0x0000000787300000, 0x0000000787300000| Complete 
| 116|0x0000000787400000, 0x0000000787500000, 0x0000000787500000|100%| E|CS|TAMS 0x0000000787400000, 0x0000000787400000| Complete 
| 117|0x0000000787500000, 0x0000000787600000, 0x0000000787600000|100%| E|CS|TAMS 0x0000000787500000, 0x0000000787500000| Complete 
| 118|0x0000000787600000, 0x0000000787700000, 0x0000000787700000|100%| E|CS|TAMS 0x0000000787600000, 0x0000000787600000| Complete 
| 119|0x0000000787700000, 0x0000000787800000, 0x0000000787800000|100%| E|CS|TAMS 0x0000000787700000, 0x0000000787700000| Complete 
| 120|0x0000000787800000, 0x0000000787900000, 0x0000000787900000|100%| E|CS|TAMS 0x0000000787800000, 0x0000000787800000| Complete 
| 121|0x0000000787900000, 0x0000000787a00000, 0x0000000787a00000|100%| E|CS|TAMS 0x0000000787900000, 0x0000000787900000| Complete 
| 122|0x0000000787a00000, 0x0000000787b00000, 0x0000000787b00000|100%| E|CS|TAMS 0x0000000787a00000, 0x0000000787a00000| Complete 
| 123|0x0000000787b00000, 0x0000000787bbea80, 0x0000000787c00000| 74%| S|CS|TAMS 0x0000000787b00000, 0x0000000787b00000| Complete 
| 124|0x0000000787c00000, 0x0000000787d00000, 0x0000000787d00000|100%| E|CS|TAMS 0x0000000787c00000, 0x0000000787c00000| Complete 
| 125|0x0000000787d00000, 0x0000000787e00000, 0x0000000787e00000|100%| E|CS|TAMS 0x0000000787d00000, 0x0000000787d00000| Complete 
| 126|0x0000000787e00000, 0x0000000787f00000, 0x0000000787f00000|100%| E|CS|TAMS 0x0000000787e00000, 0x0000000787e00000| Complete 
| 127|0x0000000787f00000, 0x0000000788000000, 0x0000000788000000|100%| E|CS|TAMS 0x0000000787f00000, 0x0000000787f00000| Complete 

Card table byte_map: [0x0000000126c60000,0x0000000127060000] _byte_map_base: 0x0000000123060000

Marking Bits (Prev, Next): (CMBitMap*) 0x00007fa911027250, (CMBitMap*) 0x00007fa911027218
 Prev Bits: [0x0000000129460000, 0x000000012b460000)
 Next Bits: [0x0000000127460000, 0x0000000129460000)

Polling page: 0x000000010ec72000

Metaspace:

Usage:
  Non-class:     20.23 MB capacity,    19.85 MB ( 98%) used,   354.64 KB (  2%) free+waste,    40.00 KB ( <1%) overhead. 
      Class:      3.09 MB capacity,     2.90 MB ( 94%) used,   181.48 KB (  6%) free+waste,    19.62 KB ( <1%) overhead. 
       Both:     23.33 MB capacity,    22.75 MB ( 98%) used,   536.12 KB (  2%) free+waste,    59.62 KB ( <1%) overhead. 

Virtual space:
  Non-class space:       22.00 MB reserved,      20.50 MB ( 93%) committed 
      Class space:        1.00 GB reserved,       3.12 MB ( <1%) committed 
             Both:        1.02 GB reserved,      23.62 MB (  2%) committed 

Chunk freelists:
   Non-Class:  157.00 KB
       Class:  0 bytes
        Both:  157.00 KB

MaxMetaspaceSize: unlimited
CompressedClassSpaceSize: 1.00 GB

CodeHeap 'non-profiled nmethods': size=120032Kb used=623Kb max_used=623Kb free=119409Kb
 bounds [0x000000011f728000, 0x000000011f998000, 0x0000000126c60000]
CodeHeap 'profiled nmethods': size=120028Kb used=3581Kb max_used=3581Kb free=116446Kb
 bounds [0x00000001181f1000, 0x0000000118581000, 0x000000011f728000]
CodeHeap 'non-nmethods': size=5700Kb used=1123Kb max_used=1132Kb free=4576Kb
 bounds [0x0000000117c60000, 0x0000000117ed0000, 0x00000001181f1000]
 total_blobs=2222 nmethods=1762 adapters=372
 compilation: enabled
              stopped_count=0, restarted_count=0
 full_count=0

Compilation events (20 events):
Event: 2.968 Thread 0x00007fa91001d000 1914       3       java.io.OutputStream::<init> (5 bytes)
Event: 2.968 Thread 0x00007fa91001d000 nmethod 1914 0x000000011856bc90 code [0x000000011856be40, 0x000000011856bf90]
Event: 2.969 Thread 0x00007fa91001d000 1915       3       java.lang.invoke.InnerClassLambdaMetafactory::getLoadOpcode (25 bytes)
Event: 2.969 Thread 0x00007fa91001d000 nmethod 1915 0x000000011856c090 code [0x000000011856c260, 0x000000011856c490]
Event: 2.969 Thread 0x00007fa91001d000 1916       3       java.lang.invoke.InnerClassLambdaMetafactory::getParameterSize (27 bytes)
Event: 2.969 Thread 0x00007fa91001d000 nmethod 1916 0x000000011856c590 code [0x000000011856c740, 0x000000011856c910]
Event: 2.970 Thread 0x00007fa91001d000 1917       3       java.util.HashMap$ValueIterator::next (8 bytes)
Event: 2.970 Thread 0x00007fa91001d000 nmethod 1917 0x000000011856c990 code [0x000000011856cb40, 0x000000011856cc80]
Event: 2.970 Thread 0x00007fa91001d000 1918       3       java.io.DataOutputStream::writeUTF (435 bytes)
Event: 2.973 Thread 0x00007fa91001d000 nmethod 1918 0x000000011856cd90 code [0x000000011856d1e0, 0x000000011856f790]
Event: 2.973 Thread 0x00007fa91001d000 1920       3       java.nio.HeapByteBuffer::byteOffset (7 bytes)
Event: 2.973 Thread 0x00007fa91001d000 nmethod 1920 0x000000011827ff90 code [0x0000000118280140, 0x0000000118280230]
Event: 2.973 Thread 0x00007fa91001d000 1919       3       java.lang.reflect.ProxyGenerator$ExceptionTableEntry::<init> (26 bytes)
Event: 2.973 Thread 0x00007fa91001d000 nmethod 1919 0x0000000118570490 code [0x0000000118570640, 0x00000001185707b0]
Event: 2.975 Thread 0x00007fa91001d000 1921       3       java.nio.Buffer::nextGetIndex (32 bytes)
Event: 2.975 Thread 0x00007fa91001d000 nmethod 1921 0x0000000118570890 code [0x0000000118570a60, 0x0000000118570c20]
Event: 2.975 Thread 0x00007fa91001d000 1922       3       java.lang.reflect.Method::getRoot (5 bytes)
Event: 2.975 Thread 0x00007fa91001d000 nmethod 1922 0x0000000118570d10 code [0x0000000118570ec0, 0x0000000118570fd0]
Event: 2.993 Thread 0x00007fa91001d000 1923       3       java.util.concurrent.ConcurrentHashMap::get (162 bytes)
Event: 2.994 Thread 0x00007fa91001d000 nmethod 1923 0x0000000118571090 code [0x0000000118571300, 0x0000000118572030]

GC Heap History (6 events):
Event: 1.189 GC heap before
{Heap before GC invocations=0 (full 0):
 garbage-first heap   total 131072K, used 29696K [0x0000000780000000, 0x0000000800000000)
  region size 1024K, 24 young (24576K), 0 survivors (0K)
 Metaspace       used 10620K, capacity 10948K, committed 11264K, reserved 1058816K
  class space    used 1126K, capacity 1200K, committed 1280K, reserved 1048576K
}
Event: 1.201 GC heap after
{Heap after GC invocations=1 (full 0):
 garbage-first heap   total 131072K, used 8604K [0x0000000780000000, 0x0000000800000000)
  region size 1024K, 3 young (3072K), 3 survivors (3072K)
 Metaspace       used 10620K, capacity 10948K, committed 11264K, reserved 1058816K
  class space    used 1126K, capacity 1200K, committed 1280K, reserved 1048576K
}
Event: 2.551 GC heap before
{Heap before GC invocations=1 (full 0):
 garbage-first heap   total 131072K, used 82332K [0x0000000780000000, 0x0000000800000000)
  region size 1024K, 76 young (77824K), 3 survivors (3072K)
 Metaspace       used 19889K, capacity 20370K, committed 20608K, reserved 1067008K
  class space    used 2428K, capacity 2586K, committed 2688K, reserved 1048576K
}
Event: 2.561 GC heap after
{Heap after GC invocations=2 (full 0):
 garbage-first heap   total 131072K, used 15820K [0x0000000780000000, 0x0000000800000000)
  region size 1024K, 10 young (10240K), 10 survivors (10240K)
 Metaspace       used 19889K, capacity 20370K, committed 20608K, reserved 1067008K
  class space    used 2428K, capacity 2586K, committed 2688K, reserved 1048576K
}
Event: 2.631 GC heap before
{Heap before GC invocations=2 (full 0):
 garbage-first heap   total 131072K, used 18892K [0x0000000780000000, 0x0000000800000000)
  region size 1024K, 14 young (14336K), 10 survivors (10240K)
 Metaspace       used 20514K, capacity 21021K, committed 21248K, reserved 1067008K
  class space    used 2525K, capacity 2701K, committed 2816K, reserved 1048576K
}
Event: 2.641 GC heap after
{Heap after GC invocations=3 (full 0):
 garbage-first heap   total 131072K, used 16745K [0x0000000780000000, 0x0000000800000000)
  region size 1024K, 1 young (1024K), 1 survivors (1024K)
 Metaspace       used 20514K, capacity 21021K, committed 21248K, reserved 1067008K
  class space    used 2525K, capacity 2701K, committed 2816K, reserved 1048576K
}

Deoptimization events (20 events):
Event: 2.816 Thread 0x00007fa90e81a800 Uncommon trap: trap_request=0xffffff4d fr.pc=0x000000011f7842c8 relative=0x0000000000000188
Event: 2.816 Thread 0x00007fa90e81a800 Uncommon trap: reason=unstable_if action=reinterpret pc=0x000000011f7842c8 method=java.util.HashMap.getNode(ILjava/lang/Object;)Ljava/util/HashMap$Node; @ 129 c2
Event: 2.816 Thread 0x00007fa90e81a800 DEOPT PACKING pc=0x000000011f7842c8 sp=0x0000700006da5e30
Event: 2.816 Thread 0x00007fa90e81a800 DEOPT UNPACKING pc=0x0000000117c867a5 sp=0x0000700006da5d50 mode 2
Event: 2.816 Thread 0x00007fa90e81a800 Uncommon trap: trap_request=0xffffff4d fr.pc=0x000000011f7aae54 relative=0x0000000000000e54
Event: 2.816 Thread 0x00007fa90e81a800 Uncommon trap: reason=unstable_if action=reinterpret pc=0x000000011f7aae54 method=java.util.HashMap.putVal(ILjava/lang/Object;Ljava/lang/Object;ZZ)Ljava/lang/Object; @ 206 c2
Event: 2.816 Thread 0x00007fa90e81a800 DEOPT PACKING pc=0x000000011f7aae54 sp=0x0000700006da5e00
Event: 2.816 Thread 0x00007fa90e81a800 DEOPT UNPACKING pc=0x0000000117c867a5 sp=0x0000700006da5d28 mode 2
Event: 2.819 Thread 0x00007fa90e81a800 Uncommon trap: trap_request=0xffffff4d fr.pc=0x000000011f76a2c4 relative=0x0000000000000204
Event: 2.819 Thread 0x00007fa90e81a800 Uncommon trap: reason=unstable_if action=reinterpret pc=0x000000011f76a2c4 method=java.util.HashMap.getNode(ILjava/lang/Object;)Ljava/util/HashMap$Node; @ 129 c2
Event: 2.819 Thread 0x00007fa90e81a800 DEOPT PACKING pc=0x000000011f76a2c4 sp=0x0000700006da7770
Event: 2.819 Thread 0x00007fa90e81a800 DEOPT UNPACKING pc=0x0000000117c867a5 sp=0x0000700006da7700 mode 2
Event: 2.869 Thread 0x00007fa90e81a800 DEOPT PACKING pc=0x00000001184df2e2 sp=0x0000700006da6d60
Event: 2.869 Thread 0x00007fa90e81a800 DEOPT UNPACKING pc=0x0000000117c865ba sp=0x0000700006da6290 mode 0
Event: 2.970 Thread 0x00007fa90e81a800 DEOPT PACKING pc=0x00000001184bc5cc sp=0x0000700006da4b50
Event: 2.970 Thread 0x00007fa90e81a800 DEOPT UNPACKING pc=0x0000000117c865ba sp=0x0000700006da40d8 mode 0
Event: 2.974 Thread 0x00007fa90e81a800 Uncommon trap: trap_request=0xffffff4d fr.pc=0x000000011f752694 relative=0x0000000000000254
Event: 2.974 Thread 0x00007fa90e81a800 Uncommon trap: reason=unstable_if action=reinterpret pc=0x000000011f752694 method=java.util.concurrent.ConcurrentHashMap.get(Ljava/lang/Object;)Ljava/lang/Object; @ 76 c2
Event: 2.974 Thread 0x00007fa90e81a800 DEOPT PACKING pc=0x000000011f752694 sp=0x0000700006da4c80
Event: 2.974 Thread 0x00007fa90e81a800 DEOPT UNPACKING pc=0x0000000117c867a5 sp=0x0000700006da4c08 mode 2

Classes redefined (0 events):
No events

Internal exceptions (20 events):
Event: 1.561 Thread 0x00007fa910013800 Exception <a 'java/security/PrivilegedActionException'{0x0000000786a7cf00}> (0x0000000786a7cf00) thrown at [./src/hotspot/share/prims/jvm.cpp, line 1297]
Event: 1.785 Thread 0x00007fa910013800 Exception <a 'java/lang/NoSuchMethodError'{0x0000000785821f18}: 'java.lang.Object java.lang.invoke.DirectMethodHandle$Holder.invokeStaticInit(java.lang.Object, java.lang.Object, java.lang.Object)'> (0x0000000785821f18) thrown at [./src/hotspot/share/interpreter/linkResolver.cpp, line 773]
Event: 1.882 Thread 0x00007fa910013800 Exception <a 'java/lang/NoSuchMethodError'{0x0000000785487508}: 'java.lang.Object java.lang.invoke.Invokers$Holder.invoker(java.lang.Object, java.lang.Object, java.lang.Object, java.lang.Object, java.lang.Object)'> (0x0000000785487508) thrown at [./src/hotspot/share/interpreter/linkResolver.cpp, line 773]
Event: 1.885 Thread 0x00007fa910013800 Exception <a 'java/lang/NoSuchMethodError'{0x0000000785498180}: 'void java.lang.invoke.DelegatingMethodHandle$Holder.delegate(java.lang.Object, java.lang.Object, int, java.lang.Object)'> (0x0000000785498180) thrown at [./src/hotspot/share/interpreter/linkResolver.cpp, line 773]
Event: 2.049 Thread 0x00007fa90e8e1000 Exception <a 'java/lang/NoSuchMethodError'{0x0000000784f201b8}: <clinit>> (0x0000000784f201b8) thrown at [./src/hotspot/share/prims/jni.cpp, line 1362]
Event: 2.050 Thread 0x00007fa90e8e1000 Exception <a 'java/lang/NoSuchMethodError'{0x0000000784f28a50}: <clinit>> (0x0000000784f28a50) thrown at [./src/hotspot/share/prims/jni.cpp, line 1362]
Event: 2.054 Thread 0x00007fa90e8e1000 Exception <a 'java/lang/NoSuchMethodError'{0x0000000784f3b8b8}: <clinit>> (0x0000000784f3b8b8) thrown at [./src/hotspot/share/prims/jni.cpp, line 1362]
Event: 2.063 Thread 0x00007fa90e8e1000 Exception <a 'java/lang/NoSuchMethodError'{0x0000000784f89800}: <clinit>> (0x0000000784f89800) thrown at [./src/hotspot/share/prims/jni.cpp, line 1362]
Event: 2.069 Thread 0x00007fa90e8e1000 Exception <a 'java/lang/NoSuchMethodError'{0x0000000784fc4f10}: <clinit>> (0x0000000784fc4f10) thrown at [./src/hotspot/share/prims/jni.cpp, line 1362]
Event: 2.076 Thread 0x00007fa90e8e1000 Exception <a 'java/lang/NoSuchMethodError'{0x0000000784ff78c8}: <clinit>> (0x0000000784ff78c8) thrown at [./src/hotspot/share/prims/jni.cpp, line 1362]
Event: 2.151 Thread 0x00007fa90e81a800 Exception <a 'java/lang/NoSuchMethodError'{0x0000000784b96d90}: 'void java.lang.invoke.DelegatingMethodHandle$Holder.reinvoke_L(java.lang.Object, java.lang.Object, java.lang.Object, java.lang.Object)'> (0x0000000784b96d90) thrown at [./src/hotspot/share/interpreter/linkResolver.cpp, line 773]
Event: 2.160 Thread 0x00007fa90e81a800 Exception <a 'java/lang/NoSuchMethodError'{0x0000000784bcda50}: 'long java.lang.invoke.DirectMethodHandle$Holder.invokeInterface(java.lang.Object, java.lang.Object)'> (0x0000000784bcda50) thrown at [./src/hotspot/share/interpreter/linkResolver.cpp, line 773]
Event: 2.163 Thread 0x00007fa90e81a800 Exception <a 'java/lang/NoSuchMethodError'{0x0000000784bef278}: 'void java.lang.invoke.DelegatingMethodHandle$Holder.reinvoke_L(java.lang.Object, java.lang.Object, java.lang.Object, java.lang.Object, java.lang.Object, java.lang.Object, java.lang.Object)'> (0x0000000784bef278) thrown at [./src/hotspot/share/interpreter/linkResolver.cpp, line 773]
Event: 2.405 Thread 0x00007fa90e81a800 Exception <a 'java/lang/NoSuchMethodError'{0x0000000783c43508}: 'java.lang.Object java.lang.invoke.DirectMethodHandle$Holder.invokeVirtual(java.lang.Object, java.lang.Object, java.lang.Object)'> (0x0000000783c43508) thrown at [./src/hotspot/share/interpreter/linkResolver.cpp, line 773]
Event: 2.452 Thread 0x00007fa90e81a800 Exception <a 'java/lang/NoSuchMethodError'{0x00000007839a4790}: 'void java.lang.invoke.DirectMethodHandle$Holder.invokeStaticInit(java.lang.Object)'> (0x00000007839a4790) thrown at [./src/hotspot/share/interpreter/linkResolver.cpp, line 773]
Event: 2.599 Thread 0x00007fa90e81a800 Exception <a 'java/lang/NoSuchMethodError'{0x0000000787e72908}: 'int java.lang.invoke.DirectMethodHandle$Holder.invokeSpecialIFC(java.lang.Object, java.lang.Object, java.lang.Object, java.lang.Object)'> (0x0000000787e72908) thrown at [./src/hotspot/share/interpreter/linkResolver.cpp, line 773]
Event: 2.602 Thread 0x00007fa90e81a800 Exception <a 'java/lang/NoSuchMethodError'{0x0000000787e80948}: 'java.lang.Object java.lang.invoke.DirectMethodHandle$Holder.invokeInterface(java.lang.Object, java.lang.Object, java.lang.Object)'> (0x0000000787e80948) thrown at [./src/hotspot/share/interpreter/linkResolver.cpp, line 773]
Event: 2.602 Thread 0x00007fa90e81a800 Exception <a 'java/lang/IncompatibleClassChangeError'{0x0000000787e83e20}: Found class java.lang.Object, but interface was expected> (0x0000000787e83e20) thrown at [./src/hotspot/share/interpreter/linkResolver.cpp, line 839]
Event: 2.686 Thread 0x00007fa90e81a800 Exception <a 'java/lang/NoSuchMethodError'{0x0000000787d6a6b8}: 'void java.lang.invoke.DirectMethodHandle$Holder.invokeSpecial(java.lang.Object, java.lang.Object)'> (0x0000000787d6a6b8) thrown at [./src/hotspot/share/interpreter/linkResolver.cpp, line 773]
Event: 2.793 Thread 0x00007fa90e81a800 Exception <a 'java/lang/NoSuchMethodError'{0x00000007872d4090}: 'java.lang.Object java.lang.invoke.DirectMethodHandle$Holder.invokeVirtual(java.lang.Object, java.lang.Object, java.lang.Object, java.lang.Object)'> (0x00000007872d4090) thrown at [./src/hotspot/share/interpreter/linkResolver.cpp, line 773]

Events (20 events):
Event: 2.996 loading class org/objectweb/asm/MethodWriter
Event: 2.996 loading class org/objectweb/asm/MethodWriter done
Event: 2.997 loading class org/objectweb/asm/SymbolTable
Event: 2.997 loading class org/objectweb/asm/SymbolTable done
Event: 2.998 loading class org/objectweb/asm/Symbol
Event: 2.998 loading class org/objectweb/asm/Symbol done
Event: 2.998 loading class org/objectweb/asm/SymbolTable$Entry
Event: 2.998 loading class org/objectweb/asm/SymbolTable$Entry done
Event: 3.001 loading class org/objectweb/asm/ByteVector
Event: 3.001 loading class org/objectweb/asm/ByteVector done
Event: 3.003 loading class org/objectweb/asm/Frame
Event: 3.003 loading class org/objectweb/asm/Frame done
Event: 3.004 loading class org/objectweb/asm/CurrentFrame
Event: 3.004 loading class org/objectweb/asm/CurrentFrame done
Event: 3.005 loading class org/objectweb/asm/MethodTooLargeException
Event: 3.005 loading class org/objectweb/asm/MethodTooLargeException done
Event: 3.007 loading class org/objectweb/asm/Label
Event: 3.007 loading class org/objectweb/asm/Label done
Event: 3.010 loading class org/objectweb/asm/Edge
Event: 3.010 loading class org/objectweb/asm/Edge done


Dynamic libraries:
0x00007fff35231000 	/System/Library/Frameworks/Cocoa.framework/Versions/A/Cocoa
0x00007fff22456000 	/System/Library/Frameworks/Security.framework/Versions/A/Security
0x00007fff3342e000 	/System/Library/Frameworks/ApplicationServices.framework/Versions/A/ApplicationServices
0x00007fff2a6df000 	/usr/lib/libz.1.dylib
0x000000010ebff000 	/Applications/Android Studio.app/Contents/jre/jdk/Contents/Home/lib/jli/libjli.dylib
0x00007fff2a7a7000 	/usr/lib/libSystem.B.dylib
0x00007fff22e7d000 	/System/Library/Frameworks/AppKit.framework/Versions/C/AppKit
0x00007fff25d15000 	/System/Library/Frameworks/CoreData.framework/Versions/A/CoreData
0x00007fff213c9000 	/System/Library/Frameworks/Foundation.framework/Versions/C/Foundation
0x00007fff23be0000 	/System/Library/PrivateFrameworks/UIFoundation.framework/Versions/A/UIFoundation
0x00007fff2fe0d000 	/System/Library/PrivateFrameworks/RemoteViewServices.framework/Versions/A/RemoteViewServices
0x00007fff28c06000 	/System/Library/PrivateFrameworks/XCTTargetBootstrap.framework/Versions/A/XCTTargetBootstrap
0x00007fff2b8e7000 	/usr/lib/libspindump.dylib
0x00007fff23e35000 	/System/Library/Frameworks/UniformTypeIdentifiers.framework/Versions/A/UniformTypeIdentifiers
0x00007fff273dc000 	/usr/lib/libapp_launch_measurement.dylib
0x00007fff273df000 	/System/Library/PrivateFrameworks/CoreAutoLayout.framework/Versions/A/CoreAutoLayout
0x00007fff28568000 	/System/Library/Frameworks/Metal.framework/Versions/A/Metal
0x00007fff29258000 	/usr/lib/liblangid.dylib
0x00007fff28c0a000 	/System/Library/PrivateFrameworks/CoreSVG.framework/Versions/A/CoreSVG
0x00007fff24e1c000 	/System/Library/PrivateFrameworks/SkyLight.framework/Versions/A/SkyLight
0x00007fff25183000 	/System/Library/Frameworks/CoreGraphics.framework/Versions/A/CoreGraphics
0x00007fff30464000 	/System/Library/Frameworks/Accelerate.framework/Versions/A/Accelerate
0x00007fff2b322000 	/System/Library/PrivateFrameworks/IconServices.framework/Versions/A/IconServices
0x00007fff2854d000 	/System/Library/Frameworks/IOSurface.framework/Versions/A/IOSurface
0x00007fff2669e000 	/usr/lib/libDiagnosticMessagesClient.dylib
0x00007fff28bf2000 	/System/Library/PrivateFrameworks/DFRFoundation.framework/Versions/A/DFRFoundation
0x00007fff227a8000 	/usr/lib/libicucore.A.dylib
0x00007fff2ce2e000 	/System/Library/Frameworks/AudioToolbox.framework/Versions/A/AudioToolbox
0x00007fff2c0d3000 	/System/Library/PrivateFrameworks/DataDetectorsCore.framework/Versions/A/DataDetectorsCore
0x00007fff288f2000 	/System/Library/Frameworks/Carbon.framework/Versions/A/Frameworks/HIToolbox.framework/Versions/A/HIToolbox
0x00007fff26e37000 	/System/Library/Frameworks/QuartzCore.framework/Versions/A/QuartzCore
0x00007fff2fe49000 	/System/Library/Frameworks/Carbon.framework/Versions/A/Frameworks/SpeechRecognition.framework/Versions/A/SpeechRecognition
0x00007fff27144000 	/System/Library/PrivateFrameworks/CoreUI.framework/Versions/A/CoreUI
0x00007fff21db1000 	/System/Library/Frameworks/CoreAudio.framework/Versions/A/CoreAudio
0x00007fff26789000 	/System/Library/Frameworks/DiskArbitration.framework/Versions/A/DiskArbitration
0x00007fff2bce2000 	/System/Library/PrivateFrameworks/MultitouchSupport.framework/Versions/A/MultitouchSupport
0x00007fff2c0ca000 	/System/Library/PrivateFrameworks/InternationalSupport.framework/Versions/A/InternationalSupport
0x00007fff24d90000 	/usr/lib/libenergytrace.dylib
0x00007fff22d76000 	/System/Library/Frameworks/IOKit.framework/Versions/A/IOKit
0x00007fff30196000 	/System/Library/Frameworks/CoreServices.framework/Versions/A/CoreServices
0x00007fff27372000 	/System/Library/PrivateFrameworks/PerformanceAnalysis.framework/Versions/A/PerformanceAnalysis
0x00007fff6cb00000 	/System/Library/Frameworks/OpenGL.framework/Versions/A/OpenGL
0x00007fff2c14f000 	/System/Library/PrivateFrameworks/UserActivity.framework/Versions/A/UserActivity
0x00007fff2043c000 	/usr/lib/libobjc.A.dylib
0x00007fff25817000 	/System/Library/Frameworks/ColorSync.framework/Versions/A/ColorSync
0x00007fff2061c000 	/System/Library/Frameworks/CoreFoundation.framework/Versions/A/CoreFoundation
0x00007fff28e6f000 	/System/Library/Frameworks/CoreImage.framework/Versions/A/CoreImage
0x00007fff21bc8000 	/System/Library/Frameworks/CoreText.framework/Versions/A/CoreText
0x00007fff28c34000 	/System/Library/Frameworks/ImageIO.framework/Versions/A/ImageIO
0x00007fff2a7ad000 	/System/Library/PrivateFrameworks/SoftLinking.framework/Versions/A/SoftLinking
0x00007fff27428000 	/usr/lib/libxml2.2.dylib
0x00007fff20501000 	/usr/lib/libc++.1.dylib
0x00007fff2aa1f000 	/usr/lib/libcompression.dylib
0x00007fff24d91000 	/usr/lib/libMobileGestalt.dylib
0x00007fff2bffd000 	/System/Library/PrivateFrameworks/TextureIO.framework/Versions/A/TextureIO
0x00007fff2b045000 	/usr/lib/libate.dylib
0x00007fff2a7a1000 	/usr/lib/system/libcache.dylib
0x00007fff2a75d000 	/usr/lib/system/libcommonCrypto.dylib
0x00007fff2a787000 	/usr/lib/system/libcompiler_rt.dylib
0x00007fff2a77c000 	/usr/lib/system/libcopyfile.dylib
0x00007fff2032a000 	/usr/lib/system/libcorecrypto.dylib
0x00007fff203f7000 	/usr/lib/system/libdispatch.dylib
0x00007fff205ab000 	/usr/lib/system/libdyld.dylib
0x00007fff2a798000 	/usr/lib/system/libkeymgr.dylib
0x00007fff2dbe0000 	/usr/lib/system/liblaunch.dylib
0x00007fff2a73b000 	/usr/lib/system/libmacho.dylib
0x00007fff29f55000 	/usr/lib/system/libquarantine.dylib
0x00007fff2a795000 	/usr/lib/system/libremovefile.dylib
0x00007fff24ded000 	/usr/lib/system/libsystem_asl.dylib
0x00007fff202da000 	/usr/lib/system/libsystem_blocks.dylib
0x00007fff20478000 	/usr/lib/system/libsystem_c.dylib
0x00007fff2a78f000 	/usr/lib/system/libsystem_collections.dylib
0x00007fff29249000 	/usr/lib/system/libsystem_configuration.dylib
0x00007fff2853c000 	/usr/lib/system/libsystem_containermanager.dylib
0x00007fff2a4d7000 	/usr/lib/system/libsystem_coreservices.dylib
0x00007fff22a0a000 	/usr/lib/system/libsystem_darwin.dylib
0x00007fff2a799000 	/usr/lib/system/libsystem_dnssd.dylib
0x00007fff20475000 	/usr/lib/system/libsystem_featureflags.dylib
0x00007fff205f0000 	/usr/lib/system/libsystem_info.dylib
0x00007fff2a6f2000 	/usr/lib/system/libsystem_m.dylib
0x00007fff203ca000 	/usr/lib/system/libsystem_malloc.dylib
0x00007fff24d81000 	/usr/lib/system/libsystem_networkextension.dylib
0x00007fff22e25000 	/usr/lib/system/libsystem_notify.dylib
0x00007fff30094000 	/usr/lib/system/libsystem_product_info_filter.dylib
0x00007fff2924d000 	/usr/lib/system/libsystem_sandbox.dylib
0x00007fff2a792000 	/usr/lib/system/libsystem_secinit.dylib
0x00007fff20570000 	/usr/lib/system/libsystem_kernel.dylib
0x00007fff205e6000 	/usr/lib/system/libsystem_platform.dylib
0x00007fff2059f000 	/usr/lib/system/libsystem_pthread.dylib
0x00007fff264ec000 	/usr/lib/system/libsystem_symptoms.dylib
0x00007fff20312000 	/usr/lib/system/libsystem_trace.dylib
0x00007fff2a769000 	/usr/lib/system/libunwind.dylib
0x00007fff202dc000 	/usr/lib/system/libxpc.dylib
0x00007fff20557000 	/usr/lib/libc++abi.dylib
0x00007fff2a774000 	/usr/lib/liboah.dylib
0x00007fff2ae2a000 	/usr/lib/liblzma.5.dylib
0x00007fff210dd000 	/System/Library/Frameworks/SystemConfiguration.framework/Versions/A/SystemConfiguration
0x00007fff2a7a9000 	/usr/lib/libfakelink.dylib
0x00007fff248e3000 	/System/Library/Frameworks/CFNetwork.framework/Versions/A/CFNetwork
0x00007fff2a8e9000 	/usr/lib/libarchive.2.dylib
0x00007fff2115b000 	/usr/lib/libCRFSuite.dylib
0x00007fff29f7c000 	/usr/lib/libbsm.0.dylib
0x00007fff2429f000 	/usr/lib/libnetwork.dylib
0x00007fff2a7ae000 	/usr/lib/libpcap.A.dylib
0x00007fff264e5000 	/usr/lib/libdns_services.dylib
0x00007fff2ae43000 	/usr/lib/libcoretls_cfhelpers.dylib
0x00007fff2a9ed000 	/usr/lib/libapple_nghttp2.dylib
0x00007fff2a741000 	/usr/lib/system/libkxld.dylib
0x00007fff2614b000 	/usr/lib/libsqlite3.dylib
0x00007fff2a4b9000 	/System/Library/PrivateFrameworks/AppleFSCompression.framework/Versions/A/AppleFSCompression
0x00007fff29f64000 	/usr/lib/libcoretls.dylib
0x00007fff2aa1a000 	/usr/lib/libpam.2.dylib
0x00007fff2af40000 	/usr/lib/libxar.1.dylib
0x00007fff29254000 	/System/Library/PrivateFrameworks/AppleSystemInfo.framework/Versions/A/AppleSystemInfo
0x00007fff29ba7000 	/System/Library/PrivateFrameworks/IOMobileFramebuffer.framework/Versions/A/IOMobileFramebuffer
0x00007fff2a4c9000 	/usr/lib/libbz2.1.0.dylib
0x00007fff2a7e6000 	/usr/lib/libiconv.2.dylib
0x00007fff2a73a000 	/usr/lib/libcharset.1.dylib
0x00007fff273ae000 	/System/Library/Frameworks/CoreServices.framework/Versions/A/Frameworks/FSEvents.framework/Versions/A/FSEvents
0x00007fff22a14000 	/System/Library/Frameworks/CoreServices.framework/Versions/A/Frameworks/CarbonCore.framework/Versions/A/CarbonCore
0x00007fff266ee000 	/System/Library/Frameworks/CoreServices.framework/Versions/A/Frameworks/Metadata.framework/Versions/A/Metadata
0x00007fff2a4dc000 	/System/Library/Frameworks/CoreServices.framework/Versions/A/Frameworks/OSServices.framework/Versions/A/OSServices
0x00007fff2a95b000 	/System/Library/Frameworks/CoreServices.framework/Versions/A/Frameworks/SearchKit.framework/Versions/A/SearchKit
0x00007fff2646f000 	/System/Library/Frameworks/CoreServices.framework/Versions/A/Frameworks/AE.framework/Versions/A/AE
0x00007fff20ab8000 	/System/Library/Frameworks/CoreServices.framework/Versions/A/Frameworks/LaunchServices.framework/Versions/A/LaunchServices
0x00007fff2addb000 	/System/Library/Frameworks/CoreServices.framework/Versions/A/Frameworks/DictionaryServices.framework/Versions/A/DictionaryServices
0x00007fff273b7000 	/System/Library/Frameworks/CoreServices.framework/Versions/A/Frameworks/SharedFileList.framework/Versions/A/SharedFileList
0x00007fff29f58000 	/usr/lib/libCheckFix.dylib
0x00007fff24e04000 	/System/Library/PrivateFrameworks/TCC.framework/Versions/A/TCC
0x00007fff2925a000 	/System/Library/PrivateFrameworks/CoreNLP.framework/Versions/A/CoreNLP
0x00007fff266a1000 	/System/Library/PrivateFrameworks/MetadataUtilities.framework/Versions/A/MetadataUtilities
0x00007fff21191000 	/usr/lib/libmecabra.dylib
0x00007fff2a26b000 	/System/Library/Frameworks/MLCompute.framework/Versions/A/MLCompute
0x00007fff29f8d000 	/usr/lib/libmecab.dylib
0x00007fff29fd7000 	/usr/lib/libgermantok.dylib
0x00007fff2a9c3000 	/usr/lib/libThaiTokenizer.dylib
0x00007fff2af7b000 	/usr/lib/libChineseTokenizer.dylib
0x00007fff2aa18000 	/System/Library/Frameworks/MetalPerformanceShaders.framework/Versions/A/MetalPerformanceShaders
0x00007fff26790000 	/System/Library/Frameworks/Accelerate.framework/Versions/A/Frameworks/vImage.framework/Versions/A/vImage
0x00007fff3016f000 	/System/Library/Frameworks/Accelerate.framework/Versions/A/Frameworks/vecLib.framework/Versions/A/vecLib
0x00007fff2af86000 	/System/Library/Frameworks/Accelerate.framework/Versions/A/Frameworks/vecLib.framework/Versions/A/libvMisc.dylib
0x00007fff299c0000 	/System/Library/Frameworks/Accelerate.framework/Versions/A/Frameworks/vecLib.framework/Versions/A/libvDSP.dylib
0x00007fff20dbc000 	/System/Library/Frameworks/Accelerate.framework/Versions/A/Frameworks/vecLib.framework/Versions/A/libBLAS.dylib
0x00007fff2aa3e000 	/System/Library/Frameworks/Accelerate.framework/Versions/A/Frameworks/vecLib.framework/Versions/A/libLAPACK.dylib
0x00007fff29fdd000 	/System/Library/Frameworks/Accelerate.framework/Versions/A/Frameworks/vecLib.framework/Versions/A/libLinearAlgebra.dylib
0x00007fff2aa05000 	/System/Library/Frameworks/Accelerate.framework/Versions/A/Frameworks/vecLib.framework/Versions/A/libSparseBLAS.dylib
0x00007fff2aa38000 	/System/Library/Frameworks/Accelerate.framework/Versions/A/Frameworks/vecLib.framework/Versions/A/libQuadrature.dylib
0x00007fff29302000 	/System/Library/Frameworks/Accelerate.framework/Versions/A/Frameworks/vecLib.framework/Versions/A/libBNNS.dylib
0x00007fff2106e000 	/System/Library/Frameworks/Accelerate.framework/Versions/A/Frameworks/vecLib.framework/Versions/A/libSparse.dylib
0x00007fff291ed000 	/System/Library/Frameworks/MetalPerformanceShaders.framework/Versions/A/Frameworks/MPSCore.framework/Versions/A/MPSCore
0x00007fff2a428000 	/System/Library/Frameworks/MetalPerformanceShaders.framework/Versions/A/Frameworks/MPSImage.framework/Versions/A/MPSImage
0x00007fff29ff3000 	/System/Library/Frameworks/MetalPerformanceShaders.framework/Versions/A/Frameworks/MPSNeuralNetwork.framework/Versions/A/MPSNeuralNetwork
0x00007fff2a3b3000 	/System/Library/Frameworks/MetalPerformanceShaders.framework/Versions/A/Frameworks/MPSMatrix.framework/Versions/A/MPSMatrix
0x00007fff2a21b000 	/System/Library/Frameworks/MetalPerformanceShaders.framework/Versions/A/Frameworks/MPSRayIntersector.framework/Versions/A/MPSRayIntersector
0x00007fff2a3ea000 	/System/Library/Frameworks/MetalPerformanceShaders.framework/Versions/A/Frameworks/MPSNDArray.framework/Versions/A/MPSNDArray
0x00007fff20ce8000 	/System/Library/PrivateFrameworks/MetalTools.framework/Versions/A/MetalTools
0x00007fff29252000 	/System/Library/PrivateFrameworks/AggregateDictionary.framework/Versions/A/AggregateDictionary
0x00007fff26679000 	/System/Library/PrivateFrameworks/CoreAnalytics.framework/Versions/A/CoreAnalytics
0x00007fff2a9c5000 	/System/Library/PrivateFrameworks/AppleSauce.framework/Versions/A/AppleSauce
0x00007fff2855f000 	/System/Library/PrivateFrameworks/IOAccelerator.framework/Versions/A/IOAccelerator
0x00007fff6caf4000 	/System/Library/Frameworks/OpenGL.framework/Versions/A/Libraries/libCoreFSCache.dylib
0x00007fff2172d000 	/System/Library/PrivateFrameworks/LanguageModeling.framework/Versions/A/LanguageModeling
0x00007fff29b94000 	/System/Library/PrivateFrameworks/CoreEmoji.framework/Versions/A/CoreEmoji
0x00007fff292fb000 	/System/Library/PrivateFrameworks/LinguisticData.framework/Versions/A/LinguisticData
0x00007fff21020000 	/System/Library/PrivateFrameworks/Lexicon.framework/Versions/A/Lexicon
0x00007fff2a8d7000 	/usr/lib/libcmph.dylib
0x00007fff2738e000 	/System/Library/Frameworks/OpenDirectory.framework/Versions/A/Frameworks/CFOpenDirectory.framework/Versions/A/CFOpenDirectory
0x00007fff2737e000 	/System/Library/Frameworks/OpenDirectory.framework/Versions/A/OpenDirectory
0x00007fff2ae45000 	/System/Library/PrivateFrameworks/APFS.framework/Versions/A/APFS
0x00007fff29eb9000 	/System/Library/Frameworks/SecurityFoundation.framework/Versions/A/SecurityFoundation
0x00007fff2af4e000 	/usr/lib/libutil.dylib
0x00007fff22d3b000 	/System/Library/PrivateFrameworks/CoreServicesStore.framework/Versions/A/CoreServicesStore
0x00007fff29f50000 	/System/Library/Frameworks/ServiceManagement.framework/Versions/A/ServiceManagement
0x00007fff2af52000 	/usr/lib/libxslt.1.dylib
0x00007fff29f46000 	/System/Library/PrivateFrameworks/BackgroundTaskManagement.framework/Versions/A/BackgroundTaskManagement
0x00007fff2bf47000 	/System/Library/Frameworks/ImageIO.framework/Versions/A/Resources/libRadiance.dylib
0x00007fff2bf51000 	/System/Library/Frameworks/ImageIO.framework/Versions/A/Resources/libJPEG.dylib
0x00007fff2be9c000 	/System/Library/Frameworks/ImageIO.framework/Versions/A/Resources/libPng.dylib
0x00007fff2bec3000 	/System/Library/Frameworks/ImageIO.framework/Versions/A/Resources/libTIFF.dylib
0x00007fff2bfa6000 	/System/Library/Frameworks/ImageIO.framework/Versions/A/Resources/libGIF.dylib
0x00007fff2bbff000 	/System/Library/Frameworks/ImageIO.framework/Versions/A/Resources/libJP2.dylib
0x00007fff2b2e9000 	/usr/lib/libexpat.1.dylib
0x00007fff2bbb4000 	/System/Library/PrivateFrameworks/AppleJPEG.framework/Versions/A/AppleJPEG
0x00007fff28795000 	/System/Library/PrivateFrameworks/FontServices.framework/libFontParser.dylib
0x00007fff26423000 	/System/Library/PrivateFrameworks/RunningBoardServices.framework/Versions/A/RunningBoardServices
0x00007fff2bcde000 	/System/Library/PrivateFrameworks/WatchdogClient.framework/Versions/A/WatchdogClient
0x00007fff2181a000 	/System/Library/Frameworks/CoreDisplay.framework/Versions/A/CoreDisplay
0x00007fff286ab000 	/System/Library/Frameworks/CoreMedia.framework/Versions/A/CoreMedia
0x00007fff2750b000 	/System/Library/Frameworks/CoreVideo.framework/Versions/A/CoreVideo
0x00007fff2bd16000 	/System/Library/Frameworks/VideoToolbox.framework/Versions/A/VideoToolbox
0x00007fff263a1000 	/System/Library/PrivateFrameworks/BaseBoard.framework/Versions/A/BaseBoard
0x00007fff2b42e000 	/System/Library/PrivateFrameworks/PersistentConnection.framework/Versions/A/PersistentConnection
0x00007fff26134000 	/System/Library/PrivateFrameworks/ProtocolBuffer.framework/Versions/A/ProtocolBuffer
0x00007fff26388000 	/System/Library/PrivateFrameworks/CommonUtilities.framework/Versions/A/CommonUtilities
0x00007fff2bb49000 	/System/Library/PrivateFrameworks/Bom.framework/Versions/A/Bom
0x00007fff2bf40000 	/System/Library/PrivateFrameworks/GPUWrangler.framework/Versions/A/GPUWrangler
0x00007fff2bf23000 	/System/Library/PrivateFrameworks/IOPresentment.framework/Versions/A/IOPresentment
0x00007fff2bf4b000 	/System/Library/PrivateFrameworks/DSExternalDisplay.framework/Versions/A/DSExternalDisplay
0x00007fff2bfab000 	/System/Library/PrivateFrameworks/CMCaptureCore.framework/Versions/A/CMCaptureCore
0x00007fff2b8ce000 	/System/Library/PrivateFrameworks/AppServerSupport.framework/Versions/A/AppServerSupport
0x00007fff2d97f000 	/System/Library/PrivateFrameworks/perfdata.framework/Versions/A/perfdata
0x00007fff29ea8000 	/System/Library/PrivateFrameworks/AssertionServices.framework/Versions/A/AssertionServices
0x00007fff21951000 	/System/Library/PrivateFrameworks/AudioToolboxCore.framework/Versions/A/AudioToolboxCore
0x00007fff2868e000 	/System/Library/PrivateFrameworks/caulk.framework/Versions/A/caulk
0x00007fff3d62a000 	/System/Library/PrivateFrameworks/SystemPolicy.framework/Versions/A/SystemPolicy
0x00007fff2b0de000 	/usr/lib/libIOReport.dylib
0x00007fff2d1a1000 	/usr/lib/libSMC.dylib
0x00007fff2be69000 	/usr/lib/libAudioToolboxUtility.dylib
0x00007fff3df94000 	/usr/lib/libmis.dylib
0x00007fff6cb50000 	/System/Library/Frameworks/OpenGL.framework/Versions/A/Libraries/libGLU.dylib
0x00007fff6cb13000 	/System/Library/Frameworks/OpenGL.framework/Versions/A/Libraries/libGFXShared.dylib
0x00007fff6cd22000 	/System/Library/Frameworks/OpenGL.framework/Versions/A/Libraries/libGL.dylib
0x00007fff6cb1c000 	/System/Library/Frameworks/OpenGL.framework/Versions/A/Libraries/libGLImage.dylib
0x00007fff6cb10000 	/System/Library/Frameworks/OpenGL.framework/Versions/A/Libraries/libCVMSPluginSupport.dylib
0x00007fff6cafb000 	/System/Library/Frameworks/OpenGL.framework/Versions/A/Libraries/libCoreVMClient.dylib
0x00007fff6e163000 	/System/Library/Frameworks/OpenCL.framework/Versions/A/OpenCL
0x00007fff2b458000 	/System/Library/PrivateFrameworks/GraphVisualizer.framework/Versions/A/GraphVisualizer
0x00007fff2b467000 	/System/Library/PrivateFrameworks/FaceCore.framework/Versions/A/FaceCore
0x00007fff2b883000 	/System/Library/PrivateFrameworks/OTSVG.framework/Versions/A/OTSVG
0x00007fff27102000 	/System/Library/Frameworks/ApplicationServices.framework/Versions/A/Frameworks/ATS.framework/Versions/A/Resources/libFontRegistry.dylib
0x00007fff2b8d5000 	/System/Library/PrivateFrameworks/FontServices.framework/libhvf.dylib
0x00007fff2b295000 	/System/Library/PrivateFrameworks/AppleVA.framework/Versions/A/AppleVA
0x00007fff2cfea000 	/System/Library/Frameworks/ApplicationServices.framework/Versions/A/Frameworks/ATS.framework/Versions/A/ATS
0x00007fff2d2fc000 	/System/Library/Frameworks/ApplicationServices.framework/Versions/A/Frameworks/ColorSyncLegacy.framework/Versions/A/ColorSyncLegacy
0x00007fff2590e000 	/System/Library/Frameworks/ApplicationServices.framework/Versions/A/Frameworks/HIServices.framework/Versions/A/HIServices
0x00007fff2d2e1000 	/System/Library/Frameworks/ApplicationServices.framework/Versions/A/Frameworks/LangAnalysis.framework/Versions/A/LangAnalysis
0x00007fff2bfb5000 	/System/Library/Frameworks/ApplicationServices.framework/Versions/A/Frameworks/PrintCore.framework/Versions/A/PrintCore
0x00007fff2d304000 	/System/Library/Frameworks/ApplicationServices.framework/Versions/A/Frameworks/QD.framework/Versions/A/QD
0x00007fff2cfda000 	/System/Library/Frameworks/ApplicationServices.framework/Versions/A/Frameworks/SpeechSynthesis.framework/Versions/A/SpeechSynthesis
0x00007fff2bf76000 	/System/Library/Frameworks/ApplicationServices.framework/Versions/A/Frameworks/ATSUI.framework/Versions/A/ATSUI
0x00007fff2d281000 	/usr/lib/libcups.2.dylib
0x00007fff2d2f1000 	/System/Library/PrivateFrameworks/NetAuth.framework/Versions/A/NetAuth
0x00007fff2d99b000 	/System/Library/Frameworks/Kerberos.framework/Versions/A/Kerberos
0x00007fff2d9ab000 	/System/Library/Frameworks/GSS.framework/Versions/A/GSS
0x00007fff2d056000 	/usr/lib/libresolv.9.dylib
0x00007fff2b8ea000 	/System/Library/PrivateFrameworks/Heimdal.framework/Versions/A/Heimdal
0x00007fff3372f000 	/System/Library/Frameworks/Kerberos.framework/Versions/A/Libraries/libHeimdalProxy.dylib
0x00007fff264f4000 	/System/Library/Frameworks/Network.framework/Versions/A/Network
0x00007fff2b303000 	/usr/lib/libheimdal-asn1.dylib
0x00007fff2d9fb000 	/System/Library/PrivateFrameworks/CommonAuth.framework/Versions/A/CommonAuth
0x00007fff27558000 	/System/Library/PrivateFrameworks/login.framework/Versions/A/Frameworks/loginsupport.framework/Versions/A/loginsupport
0x00007fff2cf5f000 	/System/Library/PrivateFrameworks/AudioSession.framework/Versions/A/AudioSession
0x00007fff2cfc7000 	/usr/lib/libAudioStatistics.dylib
0x00007fff2b390000 	/System/Library/PrivateFrameworks/MediaExperience.framework/Versions/A/MediaExperience
0x00007fff2cdfc000 	/System/Library/PrivateFrameworks/AudioSession.framework/libSessionUtility.dylib
0x00007fff2d98c000 	/usr/lib/libperfcheck.dylib
0x00007fff2d310000 	/System/Library/PrivateFrameworks/AudioResourceArbitration.framework/Versions/A/AudioResourceArbitration
0x00007fff2b30d000 	/System/Library/PrivateFrameworks/IconFoundation.framework/Versions/A/IconFoundation
0x00007fff2fe39000 	/System/Library/PrivateFrameworks/SpeechRecognitionCore.framework/Versions/A/SpeechRecognitionCore
0x00007fff5df2a000 	/System/Library/CoreServices/Encodings/libKoreanConverter.dylib
0x0000000113000000 	/Applications/Android Studio.app/Contents/jre/jdk/Contents/Home/lib/server/libjvm.dylib
0x000000010ec29000 	/Applications/Android Studio.app/Contents/jre/jdk/Contents/Home/lib/libverify.dylib
0x000000010ec3a000 	/Applications/Android Studio.app/Contents/jre/jdk/Contents/Home/lib/libjava.dylib
0x000000010ec66000 	/Applications/Android Studio.app/Contents/jre/jdk/Contents/Home/lib/libjimage.dylib
0x000000010ecbc000 	/Applications/Android Studio.app/Contents/jre/jdk/Contents/Home/lib/libzip.dylib
0x000000010ef50000 	/Applications/Android Studio.app/Contents/jre/jdk/Contents/Home/lib/libnio.dylib
0x000000010ef63000 	/Applications/Android Studio.app/Contents/jre/jdk/Contents/Home/lib/libnet.dylib
0x000000010ef7c000 	/Users/yuhyeon/.gradle/native/fdc75f09e3144964f2cf3f50f0aa648679c211496f362492102eb8c894070792/osx-amd64/libnative-platform.dylib
0x000000010ef83000 	/Users/yuhyeon/.gradle/native/12488b8bf47d2d4c9fbf2f6322a914ad602e24e48041cd04a747c6da556b65c4/osx-amd64/libnative-platform-file-events.dylib
0x000000010eff0000 	/Applications/Android Studio.app/Contents/jre/jdk/Contents/Home/lib/libmanagement.dylib
0x0000000117a53000 	/Applications/Android Studio.app/Contents/jre/jdk/Contents/Home/lib/libmanagement_ext.dylib
0x0000000117a5e000 	/Applications/Android Studio.app/Contents/jre/jdk/Contents/Home/lib/libextnet.dylib


VM Arguments:
jvm_args: --add-opens=java.base/java.util=ALL-UNNAMED --add-opens=java.base/java.lang=ALL-UNNAMED --add-opens=java.base/java.lang.invoke=ALL-UNNAMED --add-opens=java.prefs/java.util.prefs=ALL-UNNAMED -Xmx2048m -Dfile.encoding=UTF-8 -Duser.country=KR -Duser.language=ko -Duser.variant 
java_command: org.gradle.launcher.daemon.bootstrap.GradleDaemon 6.7.1
java_class_path (initial): /Users/yuhyeon/.gradle/wrapper/dists/gradle-6.7.1-bin/bwlcbys1h7rz3272sye1xwiv6/gradle-6.7.1/lib/gradle-launcher-6.7.1.jar
Launcher Type: SUN_STANDARD

[Global flags]
     intx CICompilerCount                          = 4                                         {product} {ergonomic}
     uint ConcGCThreads                            = 2                                         {product} {ergonomic}
     uint G1ConcRefinementThreads                  = 8                                         {product} {ergonomic}
   size_t G1HeapRegionSize                         = 1048576                                   {product} {ergonomic}
    uintx GCDrainStackTargetSize                   = 64                                        {product} {ergonomic}
   size_t InitialHeapSize                          = 134217728                                 {product} {ergonomic}
   size_t MarkStackSize                            = 4194304                                   {product} {ergonomic}
   size_t MaxHeapSize                              = 2147483648                                {product} {command line}
   size_t MaxNewSize                               = 1287651328                                {product} {ergonomic}
   size_t MinHeapDeltaBytes                        = 1048576                                   {product} {ergonomic}
    uintx NonNMethodCodeHeapSize                   = 5836300                                {pd product} {ergonomic}
    uintx NonProfiledCodeHeapSize                  = 122910970                              {pd product} {ergonomic}
    uintx ProfiledCodeHeapSize                     = 122910970                              {pd product} {ergonomic}
    uintx ReservedCodeCacheSize                    = 251658240                              {pd product} {ergonomic}
     bool SegmentedCodeCache                       = true                                      {product} {ergonomic}
     bool UseCompressedClassPointers               = true                                 {lp64_product} {ergonomic}
     bool UseCompressedOops                        = true                                 {lp64_product} {ergonomic}
     bool UseG1GC                                  = true                                      {product} {ergonomic}

Logging:
Log output configuration:
 #0: stdout all=warning uptime,level,tags
 #1: stderr all=off uptime,level,tags

Environment Variables:
PATH=/Library/Frameworks/Python.framework/Versions/3.9/bin:/usr/local/bin:/usr/bin:/bin:/usr/sbin:/sbin:/Applications/VMware Fusion.app/Contents/Public:/Library/Apple/usr/bin:/Library/Frameworks/Mono.framework/Versions/Current/Commands
SHELL=/bin/zsh
LC_CTYPE=ko_KR.UTF-8

Signal Handlers:
SIGSEGV: [libjvm.dylib+0x7426da], sa_mask[0]=11111111011111110111111111111111, sa_flags=SA_ONSTACK|SA_RESTART|SA_SIGINFO
SIGBUS: [libjvm.dylib+0x7426da], sa_mask[0]=11111111011111110111111111111111, sa_flags=SA_RESTART|SA_SIGINFO
SIGFPE: [libjvm.dylib+0x7426da], sa_mask[0]=11111111011111110111111111111111, sa_flags=SA_RESTART|SA_SIGINFO
SIGPIPE: [libjvm.dylib+0x5f4223], sa_mask[0]=11111111011111110111111111111111, sa_flags=SA_RESTART|SA_SIGINFO
SIGXFSZ: [libjvm.dylib+0x5f4223], sa_mask[0]=11111111011111110111111111111111, sa_flags=SA_RESTART|SA_SIGINFO
SIGILL: [libjvm.dylib+0x7426da], sa_mask[0]=11111111011111110111111111111111, sa_flags=SA_RESTART|SA_SIGINFO
SIGUSR2: [libjvm.dylib+0x5f480b], sa_mask[0]=00100000000000000000000000000000, sa_flags=SA_RESTART|SA_SIGINFO
SIGHUP: [libjvm.dylib+0x5f3351], sa_mask[0]=11111111011111110111111111111111, sa_flags=SA_RESTART|SA_SIGINFO
SIGINT: [libjvm.dylib+0x5f3351], sa_mask[0]=11111111011111110111111111111111, sa_flags=SA_RESTART|SA_SIGINFO
SIGTERM: [libjvm.dylib+0x5f3351], sa_mask[0]=11111111011111110111111111111111, sa_flags=SA_RESTART|SA_SIGINFO
SIGQUIT: [libjvm.dylib+0x5f3351], sa_mask[0]=11111111011111110111111111111111, sa_flags=SA_RESTART|SA_SIGINFO


---------------  S Y S T E M  ---------------

OS:uname:Darwin 20.3.0 Darwin Kernel Version 20.3.0: Thu Jan 21 00:07:06 PST 2021; root:xnu-7195.81.3~1/RELEASE_X86_64 x86_64
OS uptime: 0 days 0:01 hours
rlimit (soft/hard): STACK 8192k/65532k , CORE 0k/infinity , NPROC 1392/2088 , NOFILE 10240/infinity , AS infinity/infinity , CPU infinity/infinity , DATA infinity/infinity , FSIZE infinity/infinity , MEMLOCK infinity/infinity , RSS infinity/infinity
load average:12.89 5.53 2.21

CPU:total 8 (initial active 8) (4 cores per cpu, 2 threads per core) family 6 model 142 stepping 10, cmov, cx8, fxsr, mmx, sse, sse2, sse3, ssse3, sse4.1, sse4.2, popcnt, avx, avx2, aes, clmul, erms, 3dnowpref, lzcnt, ht, tsc, tscinvbit, bmi1, bmi2, adx, fma

Memory: 4k page, physical 8388608k(247068k free), swap 1048576k(652288k free)

vm_info: OpenJDK 64-Bit Server VM (11.0.8+10-b944.6916264) for bsd-amd64 JRE (11.0.8+10-b944.6916264), built on Dec 31 2020 16:59:49 by "builder" with gcc 4.2.1 Compatible Apple LLVM 10.0.1 (clang-1001.0.46.4)

END.
